2026-05-20 12:06:20.556 +02:00 [INF] User profile is available. Using 'C:\Users\fallo\AppData\Local\ASP.NET\DataProtection-Keys' as key repository and Windows DPAPI to encrypt keys at rest.
2026-05-20 12:06:20.735 +02:00 [INF] Now listening on: http://localhost:5150
2026-05-20 12:06:20.738 +02:00 [INF] Application started. Press Ctrl+C to shut down.
2026-05-20 12:06:20.739 +02:00 [INF] Hosting environment: Development
2026-05-20 12:06:20.740 +02:00 [INF] Content root path: C:\BAC 2-3\App info 2\ProjetAppInfo2\AnimeCollection
2026-05-20 12:06:23.586 +02:00 [INF] Request starting HTTP/1.1 GET http://localhost:5150/ - null null
2026-05-20 12:06:23.637 +02:00 [INF] Executing endpoint '/Index'
2026-05-20 12:06:23.697 +02:00 [INF] Route matched with {page = "/Index"}. Executing page /Index
2026-05-20 12:06:23.707 +02:00 [INF] Executing handler method AnimeCollection.Pages.IndexModel.OnGet - ModelState is "Valid"
2026-05-20 12:06:23.712 +02:00 [INF] Executed handler method OnGet, returned result .
2026-05-20 12:06:23.716 +02:00 [INF] Executing an implicit handler method - ModelState is "Valid"
2026-05-20 12:06:23.718 +02:00 [INF] Executed an implicit handler method, returned result Microsoft.AspNetCore.Mvc.RazorPages.PageResult.
2026-05-20 12:06:23.856 +02:00 [INF] Executed page /Index in 151.7973ms
2026-05-20 12:06:23.867 +02:00 [INF] Executed endpoint '/Index'
2026-05-20 12:06:23.885 +02:00 [INF] Request finished HTTP/1.1 GET http://localhost:5150/ - 200 null text/html; charset=utf-8 303.0077ms
2026-05-20 12:06:23.898 +02:00 [INF] Request starting HTTP/1.1 GET http://localhost:5150/lib/bootstrap/dist/css/bootstrap.min.css - null null
2026-05-20 12:06:23.902 +02:00 [INF] Request starting HTTP/1.1 GET http://localhost:5150/AnimeCollection.styles.css?v=UjIRZ2E2kf3I0Fy-14dzQaMkAGN9sLLYVV9uE_5kntU - null null
2026-05-20 12:06:23.906 +02:00 [INF] Request starting HTTP/1.1 GET http://localhost:5150/lib/jquery/dist/jquery.min.js - null null
2026-05-20 12:06:23.907 +02:00 [INF] Request starting HTTP/1.1 GET http://localhost:5150/lib/bootstrap/dist/js/bootstrap.bundle.min.js - null null
2026-05-20 12:06:23.909 +02:00 [INF] Request starting HTTP/1.1 GET http://localhost:5150/js/site.js?v=hRQyftXiu1lLX2P9Ly9xa4gHJgLeR1uGN5qegUobtGo - null null
2026-05-20 12:06:23.915 +02:00 [INF] Request starting HTTP/1.1 GET http://localhost:5150/css/site.css?v=j6fhJSuuyLpOSLuPJU0TsDV0iNjor5S3rDnvxJrt4bg - null null
2026-05-20 12:06:23.931 +02:00 [INF] The file /AnimeCollection.styles.css was not modified
2026-05-20 12:06:23.931 +02:00 [INF] The file /js/site.js was not modified
2026-05-20 12:06:23.931 +02:00 [INF] The file /lib/jquery/dist/jquery.min.js was not modified
2026-05-20 12:06:23.932 +02:00 [INF] The file /lib/bootstrap/dist/css/bootstrap.min.css was not modified
2026-05-20 12:06:23.932 +02:00 [INF] The file /lib/bootstrap/dist/js/bootstrap.bundle.min.js was not modified
2026-05-20 12:06:23.934 +02:00 [INF] The file /css/site.css was not modified
2026-05-20 12:06:23.936 +02:00 [INF] Request finished HTTP/1.1 GET http://localhost:5150/AnimeCollection.styles.css?v=UjIRZ2E2kf3I0Fy-14dzQaMkAGN9sLLYVV9uE_5kntU - 304 null text/css 34.0878ms
2026-05-20 12:06:23.936 +02:00 [INF] Request finished HTTP/1.1 GET http://localhost:5150/js/site.js?v=hRQyftXiu1lLX2P9Ly9xa4gHJgLeR1uGN5qegUobtGo - 304 null text/javascript 27.1331ms
2026-05-20 12:06:23.936 +02:00 [INF] Request finished HTTP/1.1 GET http://localhost:5150/lib/jquery/dist/jquery.min.js - 304 null text/javascript 30.4101ms
2026-05-20 12:06:23.937 +02:00 [INF] Request finished HTTP/1.1 GET http://localhost:5150/lib/bootstrap/dist/css/bootstrap.min.css - 304 null text/css 39.2108ms
2026-05-20 12:06:23.940 +02:00 [INF] Request finished HTTP/1.1 GET http://localhost:5150/lib/bootstrap/dist/js/bootstrap.bundle.min.js - 304 null text/javascript 32.2539ms
2026-05-20 12:06:23.945 +02:00 [INF] Request finished HTTP/1.1 GET http://localhost:5150/css/site.css?v=j6fhJSuuyLpOSLuPJU0TsDV0iNjor5S3rDnvxJrt4bg - 304 null text/css 30.1866ms
2026-05-20 12:06:30.500 +02:00 [INF] Request starting HTTP/1.1 GET http://localhost:5150/Account/Login - null null
2026-05-20 12:06:30.508 +02:00 [INF] Executing endpoint '/Account/Login'
2026-05-20 12:06:30.535 +02:00 [INF] Route matched with {page = "/Account/Login"}. Executing page /Account/Login
2026-05-20 12:06:31.011 +02:00 [INF] Executing handler method AnimeCollection.Pages.Account.LoginModel.OnGet - ModelState is "Valid"
2026-05-20 12:06:31.013 +02:00 [INF] Executed handler method OnGet, returned result .
2026-05-20 12:06:31.015 +02:00 [INF] Executing an implicit handler method - ModelState is "Valid"
2026-05-20 12:06:31.017 +02:00 [INF] Executed an implicit handler method, returned result Microsoft.AspNetCore.Mvc.RazorPages.PageResult.
2026-05-20 12:06:31.081 +02:00 [INF] Executed page /Account/Login in 543.7565ms
2026-05-20 12:06:31.083 +02:00 [INF] Executed endpoint '/Account/Login'
2026-05-20 12:06:31.099 +02:00 [INF] Request finished HTTP/1.1 GET http://localhost:5150/Account/Login - 200 null text/html; charset=utf-8 592.9065ms
2026-05-20 12:06:46.168 +02:00 [INF] Request starting HTTP/1.1 POST http://localhost:5150/Account/Login - application/x-www-form-urlencoded 238
2026-05-20 12:06:46.184 +02:00 [INF] Executing endpoint '/Account/Login'
2026-05-20 12:06:46.186 +02:00 [INF] Route matched with {page = "/Account/Login"}. Executing page /Account/Login
2026-05-20 12:06:46.220 +02:00 [INF] Executing handler method AnimeCollection.Pages.Account.LoginModel.OnPostAsync - ModelState is "Valid"
2026-05-20 12:06:46.327 +02:00 [INF] Executed handler method OnPostAsync, returned result Microsoft.AspNetCore.Mvc.RazorPages.PageResult.
2026-05-20 12:06:46.335 +02:00 [INF] Executed page /Account/Login in 146.9226ms
2026-05-20 12:06:46.337 +02:00 [INF] Executed endpoint '/Account/Login'
2026-05-20 12:06:46.338 +02:00 [INF] Request finished HTTP/1.1 POST http://localhost:5150/Account/Login - 200 null text/html; charset=utf-8 170.248ms
2026-05-20 12:06:49.673 +02:00 [INF] Request starting HTTP/1.1 POST http://localhost:5150/Account/Login - application/x-www-form-urlencoded 237
2026-05-20 12:06:49.677 +02:00 [INF] Executing endpoint '/Account/Login'
2026-05-20 12:06:49.679 +02:00 [INF] Route matched with {page = "/Account/Login"}. Executing page /Account/Login
2026-05-20 12:06:49.686 +02:00 [INF] Executing handler method AnimeCollection.Pages.Account.LoginModel.OnPostAsync - ModelState is "Valid"
2026-05-20 12:06:49.689 +02:00 [INF] Executed handler method OnPostAsync, returned result Microsoft.AspNetCore.Mvc.RazorPages.PageResult.
2026-05-20 12:06:49.694 +02:00 [INF] Executed page /Account/Login in 12.2868ms
2026-05-20 12:06:49.696 +02:00 [INF] Executed endpoint '/Account/Login'
2026-05-20 12:06:49.697 +02:00 [INF] Request finished HTTP/1.1 POST http://localhost:5150/Account/Login - 200 null text/html; charset=utf-8 23.746ms
2026-05-20 12:06:57.786 +02:00 [INF] Request starting HTTP/1.1 POST http://localhost:5150/Account/Login - application/x-www-form-urlencoded 236
2026-05-20 12:06:57.789 +02:00 [INF] Executing endpoint '/Account/Login'
2026-05-20 12:06:57.791 +02:00 [INF] Route matched with {page = "/Account/Login"}. Executing page /Account/Login
2026-05-20 12:06:57.793 +02:00 [INF] Executing handler method AnimeCollection.Pages.Account.LoginModel.OnPostAsync - ModelState is "Valid"
2026-05-20 12:06:57.851 +02:00 [INF] AuthenticationScheme: CookieAuth signed in.
2026-05-20 12:06:57.853 +02:00 [INF] Executed handler method OnPostAsync, returned result Microsoft.AspNetCore.Mvc.RedirectToPageResult.
2026-05-20 12:06:57.856 +02:00 [INF] Executing RedirectToPageResult, redirecting to /Personnages/Index.
2026-05-20 12:06:57.858 +02:00 [INF] Executed page /Account/Login in 65.1067ms
2026-05-20 12:06:57.859 +02:00 [INF] Executed endpoint '/Account/Login'
2026-05-20 12:06:57.861 +02:00 [INF] Request finished HTTP/1.1 POST http://localhost:5150/Account/Login - 302 0 null 75.4536ms
2026-05-20 12:06:57.869 +02:00 [INF] Request starting HTTP/1.1 GET http://localhost:5150/Personnages - null null
2026-05-20 12:06:57.874 +02:00 [INF] Executing endpoint '/Personnages/Index'
2026-05-20 12:06:57.890 +02:00 [INF] Route matched with {page = "/Personnages/Index"}. Executing page /Personnages/Index
2026-05-20 12:06:57.893 +02:00 [INF] Executing handler method AnimeCollection.Pages.Personnages.IndexModel.OnGet - ModelState is "Valid"
2026-05-20 12:06:57.905 +02:00 [INF] Executed handler method OnGet, returned result .
2026-05-20 12:06:57.907 +02:00 [INF] Executing an implicit handler method - ModelState is "Valid"
2026-05-20 12:06:57.909 +02:00 [INF] Executed an implicit handler method, returned result Microsoft.AspNetCore.Mvc.RazorPages.PageResult.
2026-05-20 12:06:57.943 +02:00 [INF] Executed page /Personnages/Index in 50.9962ms
2026-05-20 12:06:57.945 +02:00 [INF] Executed endpoint '/Personnages/Index'
2026-05-20 12:06:57.946 +02:00 [INF] Request finished HTTP/1.1 GET http://localhost:5150/Personnages - 200 null text/html; charset=utf-8 77.2409ms
2026-05-20 12:06:58.125 +02:00 [INF] Request starting HTTP/1.1 GET http://localhost:5150/uploads/463b3c31-6788-4743-8aa5-d08f56259830.jpg - null null
2026-05-20 12:06:58.129 +02:00 [INF] The file /uploads/463b3c31-6788-4743-8aa5-d08f56259830.jpg was not modified
2026-05-20 12:06:58.130 +02:00 [INF] Request finished HTTP/1.1 GET http://localhost:5150/uploads/463b3c31-6788-4743-8aa5-d08f56259830.jpg - 304 null image/jpeg 5.2399ms
2026-05-20 12:06:58.150 +02:00 [INF] Request starting HTTP/1.1 GET http://localhost:5150/uploads/f5096987-5052-4ab5-bfd1-3061f68057b4.jpg - null null
2026-05-20 12:06:58.165 +02:00 [INF] The file /uploads/f5096987-5052-4ab5-bfd1-3061f68057b4.jpg was not modified
2026-05-20 12:06:58.171 +02:00 [INF] Request finished HTTP/1.1 GET http://localhost:5150/uploads/f5096987-5052-4ab5-bfd1-3061f68057b4.jpg - 304 null image/jpeg 21.3042ms
2026-05-20 12:06:58.216 +02:00 [INF] Request starting HTTP/1.1 GET http://localhost:5150/uploads/c0fd1f0c-0392-4cca-b9a1-d9613826d2e6.jpg - null null
2026-05-20 12:06:58.216 +02:00 [INF] Request starting HTTP/1.1 GET http://localhost:5150/uploads/27ed9353-76c1-4149-b4f6-06527a02f42a.jpg - null null
2026-05-20 12:06:58.216 +02:00 [INF] Request starting HTTP/1.1 GET http://localhost:5150/uploads/9f680d66-31db-4a72-ab4c-462f32177619.jpg - null null
2026-05-20 12:06:58.281 +02:00 [INF] The file /uploads/9f680d66-31db-4a72-ab4c-462f32177619.jpg was not modified
2026-05-20 12:06:58.291 +02:00 [INF] Request finished HTTP/1.1 GET http://localhost:5150/uploads/9f680d66-31db-4a72-ab4c-462f32177619.jpg - 304 null image/jpeg 75.0008ms
2026-05-20 12:06:58.262 +02:00 [INF] Request starting HTTP/1.1 GET http://localhost:5150/uploads/64fbd15b-fe6e-4716-93f0-c0d20fb13567.jpg - null null
2026-05-20 12:06:58.277 +02:00 [INF] The file /uploads/27ed9353-76c1-4149-b4f6-06527a02f42a.jpg was not modified
2026-05-20 12:06:58.217 +02:00 [INF] Request starting HTTP/1.1 GET http://localhost:5150/uploads/fa4ef7ee-748b-4baf-a2b0-64e0993b5fec.jpg - null null
2026-05-20 12:06:58.326 +02:00 [INF] The file /uploads/fa4ef7ee-748b-4baf-a2b0-64e0993b5fec.jpg was not modified
2026-05-20 12:06:58.312 +02:00 [INF] Request finished HTTP/1.1 GET http://localhost:5150/uploads/27ed9353-76c1-4149-b4f6-06527a02f42a.jpg - 304 null image/jpeg 96.2204ms
2026-05-20 12:06:58.318 +02:00 [INF] The file /uploads/64fbd15b-fe6e-4716-93f0-c0d20fb13567.jpg was not modified
2026-05-20 12:06:58.321 +02:00 [INF] Request starting HTTP/1.1 GET http://localhost:5150/uploads/e1510880-9392-474e-9395-366ae153692b.jpg - null null
2026-05-20 12:06:58.256 +02:00 [INF] Request starting HTTP/1.1 GET http://localhost:5150/uploads/5ba08a1c-cc45-4d6e-bddc-81b0da85f7ea.jpg - null null
2026-05-20 12:06:58.329 +02:00 [INF] Request finished HTTP/1.1 GET http://localhost:5150/uploads/fa4ef7ee-748b-4baf-a2b0-64e0993b5fec.jpg - 304 null image/jpeg 112.1357ms
2026-05-20 12:06:58.334 +02:00 [INF] Request starting HTTP/1.1 GET http://localhost:5150/uploads/d6e446b4-a575-4932-b257-d6b1b363a68c.jpg - null null
2026-05-20 12:06:58.334 +02:00 [INF] Sending file. Request path: '/uploads/c0fd1f0c-0392-4cca-b9a1-d9613826d2e6.jpg'. Physical path: 'C:\BAC 2-3\App info 2\ProjetAppInfo2\AnimeCollection\wwwroot\uploads\c0fd1f0c-0392-4cca-b9a1-d9613826d2e6.jpg'
2026-05-20 12:06:58.335 +02:00 [INF] Request finished HTTP/1.1 GET http://localhost:5150/uploads/64fbd15b-fe6e-4716-93f0-c0d20fb13567.jpg - 304 null image/jpeg 73.2127ms
2026-05-20 12:06:58.338 +02:00 [INF] The file /uploads/e1510880-9392-474e-9395-366ae153692b.jpg was not modified
2026-05-20 12:06:58.340 +02:00 [INF] The file /uploads/5ba08a1c-cc45-4d6e-bddc-81b0da85f7ea.jpg was not modified
2026-05-20 12:06:58.352 +02:00 [INF] Request finished HTTP/1.1 GET http://localhost:5150/uploads/5ba08a1c-cc45-4d6e-bddc-81b0da85f7ea.jpg - 304 null image/jpeg 96.0847ms
2026-05-20 12:06:58.343 +02:00 [INF] The file /uploads/d6e446b4-a575-4932-b257-d6b1b363a68c.jpg was not modified
2026-05-20 12:06:58.346 +02:00 [INF] Request finished HTTP/1.1 GET http://localhost:5150/uploads/c0fd1f0c-0392-4cca-b9a1-d9613826d2e6.jpg - 200 121867 image/jpeg 130.3573ms
2026-05-20 12:06:58.350 +02:00 [INF] Request starting HTTP/1.1 GET http://localhost:5150/uploads/c604dc5b-c179-4f8d-9b18-00cc2acc0522.jpg - null null
2026-05-20 12:06:58.367 +02:00 [INF] The file /uploads/c604dc5b-c179-4f8d-9b18-00cc2acc0522.jpg was not modified
2026-05-20 12:06:58.367 +02:00 [INF] Request finished HTTP/1.1 GET http://localhost:5150/uploads/c604dc5b-c179-4f8d-9b18-00cc2acc0522.jpg - 304 null image/jpeg 17.5992ms
2026-05-20 12:06:58.350 +02:00 [INF] Request finished HTTP/1.1 GET http://localhost:5150/uploads/e1510880-9392-474e-9395-366ae153692b.jpg - 304 null image/jpeg 28.9278ms
2026-05-20 12:06:58.341 +02:00 [INF] Request starting HTTP/1.1 GET http://localhost:5150/uploads/c923550f-1e9b-451d-a6d4-ae662207efe9.jpg - null null
2026-05-20 12:06:58.355 +02:00 [INF] Request finished HTTP/1.1 GET http://localhost:5150/uploads/d6e446b4-a575-4932-b257-d6b1b363a68c.jpg - 304 null image/jpeg 21.5442ms
2026-05-20 12:06:58.402 +02:00 [INF] The file /uploads/c923550f-1e9b-451d-a6d4-ae662207efe9.jpg was not modified
2026-05-20 12:06:58.404 +02:00 [INF] Request finished HTTP/1.1 GET http://localhost:5150/uploads/c923550f-1e9b-451d-a6d4-ae662207efe9.jpg - 304 null image/jpeg 62.4436ms
2026-05-20 12:07:06.402 +02:00 [INF] Request starting HTTP/1.1 GET http://localhost:5150/Personnages/Delete/6 - null null
2026-05-20 12:07:06.411 +02:00 [INF] Executing endpoint '/Personnages/Delete'
2026-05-20 12:07:06.433 +02:00 [INF] Route matched with {page = "/Personnages/Delete"}. Executing page /Personnages/Delete
2026-05-20 12:07:06.438 +02:00 [INF] Executing handler method AnimeCollection.Pages.Personnages.DeleteModel.OnGet - ModelState is "Valid"
2026-05-20 12:07:06.444 +02:00 [INF] Executed handler method OnGet, returned result Microsoft.AspNetCore.Mvc.RazorPages.PageResult.
2026-05-20 12:07:06.473 +02:00 [INF] Executed page /Personnages/Delete in 37.3486ms
2026-05-20 12:07:06.475 +02:00 [INF] Executed endpoint '/Personnages/Delete'
2026-05-20 12:07:06.476 +02:00 [INF] Request finished HTTP/1.1 GET http://localhost:5150/Personnages/Delete/6 - 200 null text/html; charset=utf-8 74.4928ms
2026-05-20 12:07:26.941 +02:00 [INF] Request starting HTTP/1.1 GET http://localhost:5150/Personnages/Edit/8 - null null
2026-05-20 12:07:26.946 +02:00 [INF] Executing endpoint '/Personnages/Edit'
2026-05-20 12:07:26.957 +02:00 [INF] Route matched with {page = "/Personnages/Edit"}. Executing page /Personnages/Edit
2026-05-20 12:07:26.960 +02:00 [INF] Executing handler method AnimeCollection.Pages.Personnages.EditModel.OnGet - ModelState is "Valid"
2026-05-20 12:07:26.965 +02:00 [INF] Executed handler method OnGet, returned result Microsoft.AspNetCore.Mvc.RazorPages.PageResult.
2026-05-20 12:07:26.998 +02:00 [INF] Executed page /Personnages/Edit in 39.6039ms
2026-05-20 12:07:27.000 +02:00 [INF] Executed endpoint '/Personnages/Edit'
2026-05-20 12:07:27.001 +02:00 [INF] Request finished HTTP/1.1 GET http://localhost:5150/Personnages/Edit/8 - 200 null text/html; charset=utf-8 60.131ms
2026-05-20 12:07:36.408 +02:00 [INF] Request starting HTTP/1.1 POST http://localhost:5150/Personnages/Edit/8 - multipart/form-data; boundary=----WebKitFormBoundaryXY0zrL4sR2DhPnzO 1072
2026-05-20 12:07:36.414 +02:00 [INF] Executing endpoint '/Personnages/Edit'
2026-05-20 12:07:36.415 +02:00 [INF] Route matched with {page = "/Personnages/Edit"}. Executing page /Personnages/Edit
2026-05-20 12:07:36.443 +02:00 [INF] Executing handler method AnimeCollection.Pages.Personnages.EditModel.OnPost - ModelState is "Valid"
2026-05-20 12:07:36.450 +02:00 [INF] Executed handler method OnPost, returned result Microsoft.AspNetCore.Mvc.RedirectToPageResult.
2026-05-20 12:07:36.452 +02:00 [INF] Executing RedirectToPageResult, redirecting to Index.
2026-05-20 12:07:36.455 +02:00 [INF] Executed page /Personnages/Edit in 39.045ms
2026-05-20 12:07:36.457 +02:00 [INF] Executed endpoint '/Personnages/Edit'
2026-05-20 12:07:36.457 +02:00 [INF] Request finished HTTP/1.1 POST http://localhost:5150/Personnages/Edit/8 - 302 0 null 49.2063ms
2026-05-20 12:07:36.463 +02:00 [INF] Request starting HTTP/1.1 GET http://localhost:5150/Personnages - null null
2026-05-20 12:07:36.466 +02:00 [INF] Executing endpoint '/Personnages/Index'
2026-05-20 12:07:36.467 +02:00 [INF] Route matched with {page = "/Personnages/Index"}. Executing page /Personnages/Index
2026-05-20 12:07:36.468 +02:00 [INF] Executing handler method AnimeCollection.Pages.Personnages.IndexModel.OnGet - ModelState is "Valid"
2026-05-20 12:07:36.471 +02:00 [INF] Executed handler method OnGet, returned result .
2026-05-20 12:07:36.473 +02:00 [INF] Executing an implicit handler method - ModelState is "Valid"
2026-05-20 12:07:36.474 +02:00 [INF] Executed an implicit handler method, returned result Microsoft.AspNetCore.Mvc.RazorPages.PageResult.
2026-05-20 12:07:36.478 +02:00 [INF] Executed page /Personnages/Index in 10.1211ms
2026-05-20 12:07:36.479 +02:00 [INF] Executed endpoint '/Personnages/Index'
2026-05-20 12:07:36.480 +02:00 [INF] Request finished HTTP/1.1 GET http://localhost:5150/Personnages - 200 null text/html; charset=utf-8 16.7256ms
2026-05-20 12:07:41.512 +02:00 [INF] Request starting HTTP/1.1 GET http://localhost:5150/Personnages/Edit/14 - null null
2026-05-20 12:07:41.515 +02:00 [INF] Executing endpoint '/Personnages/Edit'
2026-05-20 12:07:41.516 +02:00 [INF] Route matched with {page = "/Personnages/Edit"}. Executing page /Personnages/Edit
2026-05-20 12:07:41.519 +02:00 [INF] Executing handler method AnimeCollection.Pages.Personnages.EditModel.OnGet - ModelState is "Valid"
2026-05-20 12:07:41.523 +02:00 [INF] Executed handler method OnGet, returned result Microsoft.AspNetCore.Mvc.RazorPages.PageResult.
2026-05-20 12:07:41.545 +02:00 [INF] Executed page /Personnages/Edit in 27.7235ms
2026-05-20 12:07:41.546 +02:00 [INF] Executed endpoint '/Personnages/Edit'
2026-05-20 12:07:41.547 +02:00 [INF] Request finished HTTP/1.1 GET http://localhost:5150/Personnages/Edit/14 - 200 null text/html; charset=utf-8 34.4625ms
2026-05-20 12:08:01.877 +02:00 [INF] Request starting HTTP/1.1 POST http://localhost:5150/Personnages/Edit/14 - multipart/form-data; boundary=----WebKitFormBoundarypZ7AA550rjeW3psb 1155
2026-05-20 12:08:01.880 +02:00 [INF] Executing endpoint '/Personnages/Edit'
2026-05-20 12:08:01.881 +02:00 [INF] Route matched with {page = "/Personnages/Edit"}. Executing page /Personnages/Edit
2026-05-20 12:08:01.885 +02:00 [INF] Executing handler method AnimeCollection.Pages.Personnages.EditModel.OnPost - ModelState is "Valid"
2026-05-20 12:08:01.894 +02:00 [INF] Executed handler method OnPost, returned result Microsoft.AspNetCore.Mvc.RedirectToPageResult.
2026-05-20 12:08:01.896 +02:00 [INF] Executing RedirectToPageResult, redirecting to Index.
2026-05-20 12:08:01.897 +02:00 [INF] Executed page /Personnages/Edit in 13.7794ms
2026-05-20 12:08:01.898 +02:00 [INF] Executed endpoint '/Personnages/Edit'
2026-05-20 12:08:01.900 +02:00 [INF] Request finished HTTP/1.1 POST http://localhost:5150/Personnages/Edit/14 - 302 0 null 22.2014ms
2026-05-20 12:08:01.906 +02:00 [INF] Request starting HTTP/1.1 GET http://localhost:5150/Personnages - null null
2026-05-20 12:08:01.908 +02:00 [INF] Executing endpoint '/Personnages/Index'
2026-05-20 12:08:01.911 +02:00 [INF] Route matched with {page = "/Personnages/Index"}. Executing page /Personnages/Index
2026-05-20 12:08:01.912 +02:00 [INF] Executing handler method AnimeCollection.Pages.Personnages.IndexModel.OnGet - ModelState is "Valid"
2026-05-20 12:08:01.915 +02:00 [INF] Executed handler method OnGet, returned result .
2026-05-20 12:08:01.916 +02:00 [INF] Executing an implicit handler method - ModelState is "Valid"
2026-05-20 12:08:01.917 +02:00 [INF] Executed an implicit handler method, returned result Microsoft.AspNetCore.Mvc.RazorPages.PageResult.
2026-05-20 12:08:01.920 +02:00 [INF] Executed page /Personnages/Index in 8.292ms
2026-05-20 12:08:01.922 +02:00 [INF] Executed endpoint '/Personnages/Index'
2026-05-20 12:08:01.922 +02:00 [INF] Request finished HTTP/1.1 GET http://localhost:5150/Personnages - 200 null text/html; charset=utf-8 16.2208ms
2026-05-20 12:08:08.590 +02:00 [INF] Request starting HTTP/1.1 POST http://localhost:5150/Account/Logout - application/x-www-form-urlencoded 225
2026-05-20 12:08:08.593 +02:00 [INF] Executing endpoint '/Account/Logout'
2026-05-20 12:08:08.603 +02:00 [INF] Route matched with {page = "/Account/Logout"}. Executing page /Account/Logout
2026-05-20 12:08:08.605 +02:00 [INF] Executing handler method AnimeCollection.Pages.Account.LogoutModel.OnPostAsync - ModelState is "Valid"
2026-05-20 12:08:08.609 +02:00 [INF] AuthenticationScheme: CookieAuth signed out.
2026-05-20 12:08:08.611 +02:00 [INF] Executed handler method OnPostAsync, returned result Microsoft.AspNetCore.Mvc.RedirectToPageResult.
2026-05-20 12:08:08.612 +02:00 [INF] Executing RedirectToPageResult, redirecting to /Index.
2026-05-20 12:08:08.613 +02:00 [INF] Executed page /Account/Logout in 8.3634ms
2026-05-20 12:08:08.614 +02:00 [INF] Executed endpoint '/Account/Logout'
2026-05-20 12:08:08.615 +02:00 [INF] Request finished HTTP/1.1 POST http://localhost:5150/Account/Logout - 302 0 null 25.0844ms
2026-05-20 12:08:08.621 +02:00 [INF] Request starting HTTP/1.1 GET http://localhost:5150/ - null null
2026-05-20 12:08:08.624 +02:00 [INF] Executing endpoint '/Index'
2026-05-20 12:08:08.627 +02:00 [INF] Route matched with {page = "/Index"}. Executing page /Index
2026-05-20 12:08:08.629 +02:00 [INF] Executing handler method AnimeCollection.Pages.IndexModel.OnGet - ModelState is "Valid"
2026-05-20 12:08:08.630 +02:00 [INF] Executed handler method OnGet, returned result .
2026-05-20 12:08:08.631 +02:00 [INF] Executing an implicit handler method - ModelState is "Valid"
2026-05-20 12:08:08.632 +02:00 [INF] Executed an implicit handler method, returned result Microsoft.AspNetCore.Mvc.RazorPages.PageResult.
2026-05-20 12:08:08.634 +02:00 [INF] Executed page /Index in 6.1354ms
2026-05-20 12:08:08.636 +02:00 [INF] Executed endpoint '/Index'
2026-05-20 12:08:08.637 +02:00 [INF] Request finished HTTP/1.1 GET http://localhost:5150/ - 200 null text/html; charset=utf-8 15.5792ms
2026-05-20 12:08:09.334 +02:00 [INF] Request starting HTTP/1.1 GET http://localhost:5150/Account/Login - null null
2026-05-20 12:08:09.336 +02:00 [INF] Executing endpoint '/Account/Login'
2026-05-20 12:08:09.337 +02:00 [INF] Route matched with {page = "/Account/Login"}. Executing page /Account/Login
2026-05-20 12:08:09.338 +02:00 [INF] Executing handler method AnimeCollection.Pages.Account.LoginModel.OnGet - ModelState is "Valid"
2026-05-20 12:08:09.339 +02:00 [INF] Executed handler method OnGet, returned result .
2026-05-20 12:08:09.343 +02:00 [INF] Executing an implicit handler method - ModelState is "Valid"
2026-05-20 12:08:09.345 +02:00 [INF] Executed an implicit handler method, returned result Microsoft.AspNetCore.Mvc.RazorPages.PageResult.
2026-05-20 12:08:09.348 +02:00 [INF] Executed page /Account/Login in 10.2413ms
2026-05-20 12:08:09.351 +02:00 [INF] Executed endpoint '/Account/Login'
2026-05-20 12:08:09.387 +02:00 [INF] Request finished HTTP/1.1 GET http://localhost:5150/Account/Login - 200 null text/html; charset=utf-8 53.5379ms
2026-05-20 12:08:25.148 +02:00 [INF] Request starting HTTP/1.1 POST http://localhost:5150/Account/Login - application/x-www-form-urlencoded 234
2026-05-20 12:08:25.150 +02:00 [INF] Executing endpoint '/Account/Login'
2026-05-20 12:08:25.151 +02:00 [INF] Route matched with {page = "/Account/Login"}. Executing page /Account/Login
2026-05-20 12:08:25.153 +02:00 [INF] Executing handler method AnimeCollection.Pages.Account.LoginModel.OnPostAsync - ModelState is "Valid"
2026-05-20 12:08:25.156 +02:00 [INF] Executed handler method OnPostAsync, returned result Microsoft.AspNetCore.Mvc.RazorPages.PageResult.
2026-05-20 12:08:25.158 +02:00 [INF] Executed page /Account/Login in 5.9472ms
2026-05-20 12:08:25.160 +02:00 [INF] Executed endpoint '/Account/Login'
2026-05-20 12:08:25.161 +02:00 [INF] Request finished HTTP/1.1 POST http://localhost:5150/Account/Login - 200 null text/html; charset=utf-8 12.9501ms
2026-05-20 12:08:34.161 +02:00 [INF] Request starting HTTP/1.1 POST http://localhost:5150/Account/Login - application/x-www-form-urlencoded 234
2026-05-20 12:08:34.163 +02:00 [INF] Executing endpoint '/Account/Login'
2026-05-20 12:08:34.165 +02:00 [INF] Route matched with {page = "/Account/Login"}. Executing page /Account/Login
2026-05-20 12:08:34.168 +02:00 [INF] Executing handler method AnimeCollection.Pages.Account.LoginModel.OnPostAsync - ModelState is "Valid"
2026-05-20 12:08:34.170 +02:00 [INF] Executed handler method OnPostAsync, returned result Microsoft.AspNetCore.Mvc.RazorPages.PageResult.
2026-05-20 12:08:34.173 +02:00 [INF] Executed page /Account/Login in 5.2896ms
2026-05-20 12:08:34.174 +02:00 [INF] Executed endpoint '/Account/Login'
2026-05-20 12:08:34.174 +02:00 [INF] Request finished HTTP/1.1 POST http://localhost:5150/Account/Login - 200 null text/html; charset=utf-8 13.7014ms
2026-05-20 12:10:00.824 +02:00 [INF] Request starting HTTP/1.1 POST http://localhost:5150/Account/Login - application/x-www-form-urlencoded 234
2026-05-20 12:10:00.827 +02:00 [INF] Executing endpoint '/Account/Login'
2026-05-20 12:10:00.828 +02:00 [INF] Route matched with {page = "/Account/Login"}. Executing page /Account/Login
2026-05-20 12:10:00.830 +02:00 [INF] Executing handler method AnimeCollection.Pages.Account.LoginModel.OnPostAsync - ModelState is "Valid"
2026-05-20 12:10:00.848 +02:00 [INF] AuthenticationScheme: CookieAuth signed in.
2026-05-20 12:10:00.849 +02:00 [INF] Executed handler method OnPostAsync, returned result Microsoft.AspNetCore.Mvc.RedirectToPageResult.
2026-05-20 12:10:00.850 +02:00 [INF] Executing RedirectToPageResult, redirecting to /Personnages/Index.
2026-05-20 12:10:00.851 +02:00 [INF] Executed page /Account/Login in 22.0858ms
2026-05-20 12:10:00.852 +02:00 [INF] Executed endpoint '/Account/Login'
2026-05-20 12:10:00.853 +02:00 [INF] Request finished HTTP/1.1 POST http://localhost:5150/Account/Login - 302 0 null 28.9546ms
2026-05-20 12:10:00.858 +02:00 [INF] Request starting HTTP/1.1 GET http://localhost:5150/Personnages - null null
2026-05-20 12:10:00.861 +02:00 [INF] Executing endpoint '/Personnages/Index'
2026-05-20 12:10:00.862 +02:00 [INF] Route matched with {page = "/Personnages/Index"}. Executing page /Personnages/Index
2026-05-20 12:10:00.863 +02:00 [INF] Executing handler method AnimeCollection.Pages.Personnages.IndexModel.OnGet - ModelState is "Valid"
2026-05-20 12:10:00.865 +02:00 [INF] Executed handler method OnGet, returned result .
2026-05-20 12:10:00.867 +02:00 [INF] Executing an implicit handler method - ModelState is "Valid"
2026-05-20 12:10:00.867 +02:00 [INF] Executed an implicit handler method, returned result Microsoft.AspNetCore.Mvc.RazorPages.PageResult.
2026-05-20 12:10:00.870 +02:00 [INF] Executed page /Personnages/Index in 6.9912ms
2026-05-20 12:10:00.871 +02:00 [INF] Executed endpoint '/Personnages/Index'
2026-05-20 12:10:00.872 +02:00 [INF] Request finished HTTP/1.1 GET http://localhost:5150/Personnages - 200 null text/html; charset=utf-8 14.2394ms
2026-05-20 12:10:03.472 +02:00 [INF] Request starting HTTP/1.1 GET http://localhost:5150/Personnages/Delete/4 - null null
2026-05-20 12:10:03.474 +02:00 [INF] Authorization failed. These requirements were not met:
RolesAuthorizationRequirement:User.IsInRole must be true for one of the following roles: (Admin)
2026-05-20 12:10:03.479 +02:00 [INF] AuthenticationScheme: CookieAuth was forbidden.
2026-05-20 12:10:03.480 +02:00 [INF] Request finished HTTP/1.1 GET http://localhost:5150/Personnages/Delete/4 - 302 0 null 8.1301ms
2026-05-20 12:10:03.485 +02:00 [INF] Request starting HTTP/1.1 GET http://localhost:5150/Account/AccessDenied?ReturnUrl=%2FPersonnages%2FDelete%2F4 - null null
2026-05-20 12:10:03.488 +02:00 [INF] Executing endpoint '/Account/AccessDenied'
2026-05-20 12:10:03.497 +02:00 [INF] Route matched with {page = "/Account/AccessDenied"}. Executing page /Account/AccessDenied
2026-05-20 12:10:03.506 +02:00 [INF] Executing an implicit handler method - ModelState is "Valid"
2026-05-20 12:10:03.508 +02:00 [INF] Executed an implicit handler method, returned result Microsoft.AspNetCore.Mvc.RazorPages.PageResult.
2026-05-20 12:10:03.516 +02:00 [INF] Executed page /Account/AccessDenied in 18.4589ms
2026-05-20 12:10:03.518 +02:00 [INF] Executed endpoint '/Account/AccessDenied'
2026-05-20 12:10:03.519 +02:00 [INF] Request finished HTTP/1.1 GET http://localhost:5150/Account/AccessDenied?ReturnUrl=%2FPersonnages%2FDelete%2F4 - 200 null text/html; charset=utf-8 33.7178ms
2026-05-20 12:10:05.384 +02:00 [INF] Request starting HTTP/1.1 GET http://localhost:5150/ - null null
2026-05-20 12:10:05.386 +02:00 [INF] Executing endpoint '/Index'
2026-05-20 12:10:05.387 +02:00 [INF] Route matched with {page = "/Index"}. Executing page /Index
2026-05-20 12:10:05.388 +02:00 [INF] Executing handler method AnimeCollection.Pages.IndexModel.OnGet - ModelState is "Valid"
2026-05-20 12:10:05.389 +02:00 [INF] Executed handler method OnGet, returned result .
2026-05-20 12:10:05.390 +02:00 [INF] Executing an implicit handler method - ModelState is "Valid"
2026-05-20 12:10:05.391 +02:00 [INF] Executed an implicit handler method, returned result Microsoft.AspNetCore.Mvc.RazorPages.PageResult.
2026-05-20 12:10:05.397 +02:00 [INF] Executed page /Index in 8.579ms
2026-05-20 12:10:05.398 +02:00 [INF] Executed endpoint '/Index'
2026-05-20 12:10:05.399 +02:00 [INF] Request finished HTTP/1.1 GET http://localhost:5150/ - 200 null text/html; charset=utf-8 15.2444ms
2026-05-20 12:10:50.331 +02:00 [INF] User profile is available. Using 'C:\Users\fallo\AppData\Local\ASP.NET\DataProtection-Keys' as key repository and Windows DPAPI to encrypt keys at rest.
2026-05-20 12:10:50.496 +02:00 [INF] Now listening on: http://localhost:5150
2026-05-20 12:10:50.499 +02:00 [INF] Application started. Press Ctrl+C to shut down.
2026-05-20 12:10:50.500 +02:00 [INF] Hosting environment: Development
2026-05-20 12:10:50.501 +02:00 [INF] Content root path: C:\BAC 2-3\App info 2\ProjetAppInfo2\AnimeCollection
2026-05-20 12:10:52.139 +02:00 [INF] Request starting HTTP/1.1 GET http://localhost:5150/ - null null
2026-05-20 12:10:52.208 +02:00 [INF] Executing endpoint '/Index'
2026-05-20 12:10:52.259 +02:00 [INF] Route matched with {page = "/Index"}. Executing page /Index
2026-05-20 12:10:52.273 +02:00 [INF] Executing handler method AnimeCollection.Pages.IndexModel.OnGet - ModelState is "Valid"
2026-05-20 12:10:52.276 +02:00 [INF] Executed handler method OnGet, returned result .
2026-05-20 12:10:52.280 +02:00 [INF] Executing an implicit handler method - ModelState is "Valid"
2026-05-20 12:10:52.282 +02:00 [INF] Executed an implicit handler method, returned result Microsoft.AspNetCore.Mvc.RazorPages.PageResult.
2026-05-20 12:10:52.411 +02:00 [INF] Executed page /Index in 137.0197ms
2026-05-20 12:10:52.423 +02:00 [INF] Executed endpoint '/Index'
2026-05-20 12:10:52.429 +02:00 [INF] Request finished HTTP/1.1 GET http://localhost:5150/ - 200 null text/html; charset=utf-8 292.0009ms
2026-05-20 12:10:59.525 +02:00 [INF] Request starting HTTP/1.1 GET http://localhost:5150/personnages - null null
2026-05-20 12:10:59.539 +02:00 [INF] Executing endpoint '/Personnages/Index'
2026-05-20 12:10:59.566 +02:00 [INF] Route matched with {page = "/Personnages/Index"}. Executing page /Personnages/Index
2026-05-20 12:11:00.019 +02:00 [INF] Executing handler method AnimeCollection.Pages.Personnages.IndexModel.OnGet - ModelState is "Valid"
2026-05-20 12:11:00.118 +02:00 [INF] Executed handler method OnGet, returned result .
2026-05-20 12:11:00.121 +02:00 [INF] Executing an implicit handler method - ModelState is "Valid"
2026-05-20 12:11:00.122 +02:00 [INF] Executed an implicit handler method, returned result Microsoft.AspNetCore.Mvc.RazorPages.PageResult.
2026-05-20 12:11:00.164 +02:00 [INF] Executed page /Personnages/Index in 595.2511ms
2026-05-20 12:11:00.167 +02:00 [INF] Executed endpoint '/Personnages/Index'
2026-05-20 12:11:00.175 +02:00 [INF] Request finished HTTP/1.1 GET http://localhost:5150/personnages - 200 null text/html; charset=utf-8 651.6227ms
2026-05-20 12:11:02.866 +02:00 [INF] Request starting HTTP/1.1 GET http://localhost:5150/Personnages/Delete/12 - null null
2026-05-20 12:11:02.890 +02:00 [INF] Authorization failed. These requirements were not met:
RolesAuthorizationRequirement:User.IsInRole must be true for one of the following roles: (Admin)
2026-05-20 12:11:02.895 +02:00 [INF] AuthenticationScheme: CookieAuth was forbidden.
2026-05-20 12:11:02.897 +02:00 [INF] Request finished HTTP/1.1 GET http://localhost:5150/Personnages/Delete/12 - 302 0 null 30.4125ms
2026-05-20 12:11:02.904 +02:00 [INF] Request starting HTTP/1.1 GET http://localhost:5150/Account/AccessDenied?ReturnUrl=%2FPersonnages%2FDelete%2F12 - null null
2026-05-20 12:11:02.907 +02:00 [INF] Executing endpoint '/Account/AccessDenied'
2026-05-20 12:11:02.926 +02:00 [INF] Route matched with {page = "/Account/AccessDenied"}. Executing page /Account/AccessDenied
2026-05-20 12:11:02.938 +02:00 [INF] Executing an implicit handler method - ModelState is "Valid"
2026-05-20 12:11:02.940 +02:00 [INF] Executed an implicit handler method, returned result Microsoft.AspNetCore.Mvc.RazorPages.PageResult.
2026-05-20 12:11:02.958 +02:00 [INF] Executed page /Account/AccessDenied in 30.6333ms
2026-05-20 12:11:02.960 +02:00 [INF] Executed endpoint '/Account/AccessDenied'
2026-05-20 12:11:02.962 +02:00 [INF] Request finished HTTP/1.1 GET http://localhost:5150/Account/AccessDenied?ReturnUrl=%2FPersonnages%2FDelete%2F12 - 200 null text/html; charset=utf-8 57.7573ms
2026-05-20 12:11:04.337 +02:00 [INF] Request starting HTTP/1.1 GET http://localhost:5150/Account/AccessDenied?ReturnUrl=%2FPersonnages%2FDelete%2F12 - null null
2026-05-20 12:11:04.342 +02:00 [INF] Executing endpoint '/Account/AccessDenied'
2026-05-20 12:11:04.344 +02:00 [INF] Route matched with {page = "/Account/AccessDenied"}. Executing page /Account/AccessDenied
2026-05-20 12:11:04.346 +02:00 [INF] Executing an implicit handler method - ModelState is "Valid"
2026-05-20 12:11:04.348 +02:00 [INF] Executed an implicit handler method, returned result Microsoft.AspNetCore.Mvc.RazorPages.PageResult.
2026-05-20 12:11:04.353 +02:00 [INF] Executed page /Account/AccessDenied in 8.1372ms
2026-05-20 12:11:04.355 +02:00 [INF] Executed endpoint '/Account/AccessDenied'
2026-05-20 12:11:04.357 +02:00 [INF] Request finished HTTP/1.1 GET http://localhost:5150/Account/AccessDenied?ReturnUrl=%2FPersonnages%2FDelete%2F12 - 200 null text/html; charset=utf-8 19.9677ms
2026-05-20 12:11:07.162 +02:00 [INF] Request starting HTTP/1.1 GET http://localhost:5150/Account/AccessDenied?ReturnUrl=%2FPersonnages%2FDelete%2F12 - null null
2026-05-20 12:11:07.166 +02:00 [INF] Executing endpoint '/Account/AccessDenied'
2026-05-20 12:11:07.167 +02:00 [INF] Route matched with {page = "/Account/AccessDenied"}. Executing page /Account/AccessDenied
2026-05-20 12:11:07.173 +02:00 [INF] Executing an implicit handler method - ModelState is "Valid"
2026-05-20 12:11:07.174 +02:00 [INF] Executed an implicit handler method, returned result Microsoft.AspNetCore.Mvc.RazorPages.PageResult.
2026-05-20 12:11:07.178 +02:00 [INF] Executed page /Account/AccessDenied in 6.6737ms
2026-05-20 12:11:07.180 +02:00 [INF] Executed endpoint '/Account/AccessDenied'
2026-05-20 12:11:07.181 +02:00 [INF] Request finished HTTP/1.1 GET http://localhost:5150/Account/AccessDenied?ReturnUrl=%2FPersonnages%2FDelete%2F12 - 200 null text/html; charset=utf-8 18.9624ms
2026-05-20 12:11:07.922 +02:00 [INF] Request starting HTTP/1.1 GET http://localhost:5150/Account/AccessDenied?ReturnUrl=%2FPersonnages%2FDelete%2F12 - null null
2026-05-20 12:11:07.925 +02:00 [INF] Executing endpoint '/Account/AccessDenied'
2026-05-20 12:11:07.927 +02:00 [INF] Route matched with {page = "/Account/AccessDenied"}. Executing page /Account/AccessDenied
2026-05-20 12:11:07.928 +02:00 [INF] Executing an implicit handler method - ModelState is "Valid"
2026-05-20 12:11:07.929 +02:00 [INF] Executed an implicit handler method, returned result Microsoft.AspNetCore.Mvc.RazorPages.PageResult.
2026-05-20 12:11:07.931 +02:00 [INF] Executed page /Account/AccessDenied in 3.4532ms
2026-05-20 12:11:07.935 +02:00 [INF] Executed endpoint '/Account/AccessDenied'
2026-05-20 12:11:07.947 +02:00 [INF] Request finished HTTP/1.1 GET http://localhost:5150/Account/AccessDenied?ReturnUrl=%2FPersonnages%2FDelete%2F12 - 200 null text/html; charset=utf-8 24.8395ms
2026-05-20 12:11:08.347 +02:00 [INF] Request starting HTTP/1.1 GET http://localhost:5150/Account/AccessDenied?ReturnUrl=%2FPersonnages%2FDelete%2F12 - null null
2026-05-20 12:11:08.350 +02:00 [INF] Executing endpoint '/Account/AccessDenied'
2026-05-20 12:11:08.352 +02:00 [INF] Route matched with {page = "/Account/AccessDenied"}. Executing page /Account/AccessDenied
2026-05-20 12:11:08.353 +02:00 [INF] Executing an implicit handler method - ModelState is "Valid"
2026-05-20 12:11:08.354 +02:00 [INF] Executed an implicit handler method, returned result Microsoft.AspNetCore.Mvc.RazorPages.PageResult.
2026-05-20 12:11:08.357 +02:00 [INF] Executed page /Account/AccessDenied in 3.6183ms
2026-05-20 12:11:08.358 +02:00 [INF] Executed endpoint '/Account/AccessDenied'
2026-05-20 12:11:08.360 +02:00 [INF] Request finished HTTP/1.1 GET http://localhost:5150/Account/AccessDenied?ReturnUrl=%2FPersonnages%2FDelete%2F12 - 200 null text/html; charset=utf-8 12.6273ms
2026-05-20 12:11:08.752 +02:00 [INF] Request starting HTTP/1.1 GET http://localhost:5150/Account/AccessDenied?ReturnUrl=%2FPersonnages%2FDelete%2F12 - null null
2026-05-20 12:11:08.757 +02:00 [INF] Executing endpoint '/Account/AccessDenied'
2026-05-20 12:11:08.759 +02:00 [INF] Route matched with {page = "/Account/AccessDenied"}. Executing page /Account/AccessDenied
2026-05-20 12:11:08.761 +02:00 [INF] Executing an implicit handler method - ModelState is "Valid"
2026-05-20 12:11:08.762 +02:00 [INF] Executed an implicit handler method, returned result Microsoft.AspNetCore.Mvc.RazorPages.PageResult.
2026-05-20 12:11:08.765 +02:00 [INF] Executed page /Account/AccessDenied in 4.2843ms
2026-05-20 12:11:08.775 +02:00 [INF] Executed endpoint '/Account/AccessDenied'
2026-05-20 12:11:08.777 +02:00 [INF] Request finished HTTP/1.1 GET http://localhost:5150/Account/AccessDenied?ReturnUrl=%2FPersonnages%2FDelete%2F12 - 200 null text/html; charset=utf-8 24.4827ms
2026-05-20 12:11:09.214 +02:00 [INF] Request starting HTTP/1.1 GET http://localhost:5150/Account/AccessDenied?ReturnUrl=%2FPersonnages%2FDelete%2F12 - null null
2026-05-20 12:11:09.217 +02:00 [INF] Executing endpoint '/Account/AccessDenied'
2026-05-20 12:11:09.218 +02:00 [INF] Route matched with {page = "/Account/AccessDenied"}. Executing page /Account/AccessDenied
2026-05-20 12:11:09.220 +02:00 [INF] Executing an implicit handler method - ModelState is "Valid"
2026-05-20 12:11:09.221 +02:00 [INF] Executed an implicit handler method, returned result Microsoft.AspNetCore.Mvc.RazorPages.PageResult.
2026-05-20 12:11:09.224 +02:00 [INF] Executed page /Account/AccessDenied in 3.4063ms
2026-05-20 12:11:09.225 +02:00 [INF] Executed endpoint '/Account/AccessDenied'
2026-05-20 12:11:09.227 +02:00 [INF] Request finished HTTP/1.1 GET http://localhost:5150/Account/AccessDenied?ReturnUrl=%2FPersonnages%2FDelete%2F12 - 200 null text/html; charset=utf-8 12.9001ms
2026-05-20 12:11:09.609 +02:00 [INF] Request starting HTTP/1.1 GET http://localhost:5150/Account/AccessDenied?ReturnUrl=%2FPersonnages%2FDelete%2F12 - null null
2026-05-20 12:11:09.612 +02:00 [INF] Executing endpoint '/Account/AccessDenied'
2026-05-20 12:11:09.614 +02:00 [INF] Route matched with {page = "/Account/AccessDenied"}. Executing page /Account/AccessDenied
2026-05-20 12:11:09.615 +02:00 [INF] Executing an implicit handler method - ModelState is "Valid"
2026-05-20 12:11:09.616 +02:00 [INF] Executed an implicit handler method, returned result Microsoft.AspNetCore.Mvc.RazorPages.PageResult.
2026-05-20 12:11:09.619 +02:00 [INF] Executed page /Account/AccessDenied in 3.8855ms
2026-05-20 12:11:09.623 +02:00 [INF] Executed endpoint '/Account/AccessDenied'
2026-05-20 12:11:09.624 +02:00 [INF] Request finished HTTP/1.1 GET http://localhost:5150/Account/AccessDenied?ReturnUrl=%2FPersonnages%2FDelete%2F12 - 200 null text/html; charset=utf-8 15.3588ms
2026-05-20 12:11:10.009 +02:00 [INF] Request starting HTTP/1.1 GET http://localhost:5150/Account/AccessDenied?ReturnUrl=%2FPersonnages%2FDelete%2F12 - null null
2026-05-20 12:11:10.012 +02:00 [INF] Executing endpoint '/Account/AccessDenied'
2026-05-20 12:11:10.015 +02:00 [INF] Route matched with {page = "/Account/AccessDenied"}. Executing page /Account/AccessDenied
2026-05-20 12:11:10.016 +02:00 [INF] Executing an implicit handler method - ModelState is "Valid"
2026-05-20 12:11:10.018 +02:00 [INF] Executed an implicit handler method, returned result Microsoft.AspNetCore.Mvc.RazorPages.PageResult.
2026-05-20 12:11:10.021 +02:00 [INF] Executed page /Account/AccessDenied in 5.1952ms
2026-05-20 12:11:10.023 +02:00 [INF] Executed endpoint '/Account/AccessDenied'
2026-05-20 12:11:10.025 +02:00 [INF] Request finished HTTP/1.1 GET http://localhost:5150/Account/AccessDenied?ReturnUrl=%2FPersonnages%2FDelete%2F12 - 200 null text/html; charset=utf-8 15.9889ms
2026-05-20 12:11:10.394 +02:00 [INF] Request starting HTTP/1.1 GET http://localhost:5150/Account/AccessDenied?ReturnUrl=%2FPersonnages%2FDelete%2F12 - null null
2026-05-20 12:11:10.397 +02:00 [INF] Executing endpoint '/Account/AccessDenied'
2026-05-20 12:11:10.398 +02:00 [INF] Route matched with {page = "/Account/AccessDenied"}. Executing page /Account/AccessDenied
2026-05-20 12:11:10.400 +02:00 [INF] Executing an implicit handler method - ModelState is "Valid"
2026-05-20 12:11:10.401 +02:00 [INF] Executed an implicit handler method, returned result Microsoft.AspNetCore.Mvc.RazorPages.PageResult.
2026-05-20 12:11:10.404 +02:00 [INF] Executed page /Account/AccessDenied in 4.1315ms
2026-05-20 12:11:10.405 +02:00 [INF] Executed endpoint '/Account/AccessDenied'
2026-05-20 12:11:10.407 +02:00 [INF] Request finished HTTP/1.1 GET http://localhost:5150/Account/AccessDenied?ReturnUrl=%2FPersonnages%2FDelete%2F12 - 200 null text/html; charset=utf-8 12.5486ms
2026-05-20 12:11:10.899 +02:00 [INF] Request starting HTTP/1.1 GET http://localhost:5150/Account/AccessDenied?ReturnUrl=%2FPersonnages%2FDelete%2F12 - null null
2026-05-20 12:11:10.902 +02:00 [INF] Executing endpoint '/Account/AccessDenied'
2026-05-20 12:11:10.904 +02:00 [INF] Route matched with {page = "/Account/AccessDenied"}. Executing page /Account/AccessDenied
2026-05-20 12:11:10.906 +02:00 [INF] Executing an implicit handler method - ModelState is "Valid"
2026-05-20 12:11:10.906 +02:00 [INF] Executed an implicit handler method, returned result Microsoft.AspNetCore.Mvc.RazorPages.PageResult.
2026-05-20 12:11:10.909 +02:00 [INF] Executed page /Account/AccessDenied in 3.7999ms
2026-05-20 12:11:10.911 +02:00 [INF] Executed endpoint '/Account/AccessDenied'
2026-05-20 12:11:10.912 +02:00 [INF] Request finished HTTP/1.1 GET http://localhost:5150/Account/AccessDenied?ReturnUrl=%2FPersonnages%2FDelete%2F12 - 200 null text/html; charset=utf-8 13.0134ms
2026-05-20 12:11:11.319 +02:00 [INF] Request starting HTTP/1.1 GET http://localhost:5150/Account/AccessDenied?ReturnUrl=%2FPersonnages%2FDelete%2F12 - null null
2026-05-20 12:11:11.321 +02:00 [INF] Executing endpoint '/Account/AccessDenied'
2026-05-20 12:11:11.323 +02:00 [INF] Route matched with {page = "/Account/AccessDenied"}. Executing page /Account/AccessDenied
2026-05-20 12:11:11.325 +02:00 [INF] Executing an implicit handler method - ModelState is "Valid"
2026-05-20 12:11:11.326 +02:00 [INF] Executed an implicit handler method, returned result Microsoft.AspNetCore.Mvc.RazorPages.PageResult.
2026-05-20 12:11:11.327 +02:00 [INF] Executed page /Account/AccessDenied in 3.1811ms
2026-05-20 12:11:11.333 +02:00 [INF] Executed endpoint '/Account/AccessDenied'
2026-05-20 12:11:11.335 +02:00 [INF] Request finished HTTP/1.1 GET http://localhost:5150/Account/AccessDenied?ReturnUrl=%2FPersonnages%2FDelete%2F12 - 200 null text/html; charset=utf-8 16.3384ms
2026-05-20 12:11:11.740 +02:00 [INF] Request starting HTTP/1.1 GET http://localhost:5150/Account/AccessDenied?ReturnUrl=%2FPersonnages%2FDelete%2F12 - null null
2026-05-20 12:11:11.743 +02:00 [INF] Executing endpoint '/Account/AccessDenied'
2026-05-20 12:11:11.745 +02:00 [INF] Route matched with {page = "/Account/AccessDenied"}. Executing page /Account/AccessDenied
2026-05-20 12:11:11.746 +02:00 [INF] Executing an implicit handler method - ModelState is "Valid"
2026-05-20 12:11:11.748 +02:00 [INF] Executed an implicit handler method, returned result Microsoft.AspNetCore.Mvc.RazorPages.PageResult.
2026-05-20 12:11:11.751 +02:00 [INF] Executed page /Account/AccessDenied in 4.5666ms
2026-05-20 12:11:11.753 +02:00 [INF] Executed endpoint '/Account/AccessDenied'
2026-05-20 12:11:11.754 +02:00 [INF] Request finished HTTP/1.1 GET http://localhost:5150/Account/AccessDenied?ReturnUrl=%2FPersonnages%2FDelete%2F12 - 200 null text/html; charset=utf-8 13.7426ms
2026-05-20 12:11:12.491 +02:00 [INF] Request starting HTTP/1.1 GET http://localhost:5150/Account/AccessDenied?ReturnUrl=%2FPersonnages%2FDelete%2F12 - null null
2026-05-20 12:11:12.495 +02:00 [INF] Executing endpoint '/Account/AccessDenied'
2026-05-20 12:11:12.497 +02:00 [INF] Route matched with {page = "/Account/AccessDenied"}. Executing page /Account/AccessDenied
2026-05-20 12:11:12.499 +02:00 [INF] Executing an implicit handler method - ModelState is "Valid"
2026-05-20 12:11:12.500 +02:00 [INF] Executed an implicit handler method, returned result Microsoft.AspNetCore.Mvc.RazorPages.PageResult.
2026-05-20 12:11:12.504 +02:00 [INF] Executed page /Account/AccessDenied in 5.9197ms
2026-05-20 12:11:12.506 +02:00 [INF] Executed endpoint '/Account/AccessDenied'
2026-05-20 12:11:12.507 +02:00 [INF] Request finished HTTP/1.1 GET http://localhost:5150/Account/AccessDenied?ReturnUrl=%2FPersonnages%2FDelete%2F12 - 200 null text/html; charset=utf-8 15.8563ms
2026-05-20 12:11:14.149 +02:00 [INF] Request starting HTTP/1.1 POST http://localhost:5150/Account/Logout - application/x-www-form-urlencoded 225
2026-05-20 12:11:14.155 +02:00 [INF] Executing endpoint '/Account/Logout'
2026-05-20 12:11:14.166 +02:00 [INF] Route matched with {page = "/Account/Logout"}. Executing page /Account/Logout
2026-05-20 12:11:14.176 +02:00 [INF] Executing handler method AnimeCollection.Pages.Account.LogoutModel.OnPostAsync - ModelState is "Valid"
2026-05-20 12:11:14.184 +02:00 [INF] AuthenticationScheme: CookieAuth signed out.
2026-05-20 12:11:14.187 +02:00 [INF] Executed handler method OnPostAsync, returned result Microsoft.AspNetCore.Mvc.RedirectToPageResult.
2026-05-20 12:11:14.190 +02:00 [INF] Executing RedirectToPageResult, redirecting to /Index.
2026-05-20 12:11:14.192 +02:00 [INF] Executed page /Account/Logout in 23.1658ms
2026-05-20 12:11:14.194 +02:00 [INF] Executed endpoint '/Account/Logout'
2026-05-20 12:11:14.195 +02:00 [INF] Request finished HTTP/1.1 POST http://localhost:5150/Account/Logout - 302 0 null 46.7198ms
2026-05-20 12:11:14.201 +02:00 [INF] Request starting HTTP/1.1 GET http://localhost:5150/ - null null
2026-05-20 12:11:14.206 +02:00 [INF] Executing endpoint '/Index'
2026-05-20 12:11:14.207 +02:00 [INF] Route matched with {page = "/Index"}. Executing page /Index
2026-05-20 12:11:14.210 +02:00 [INF] Executing handler method AnimeCollection.Pages.IndexModel.OnGet - ModelState is "Valid"
2026-05-20 12:11:14.211 +02:00 [INF] Executed handler method OnGet, returned result .
2026-05-20 12:11:14.213 +02:00 [INF] Executing an implicit handler method - ModelState is "Valid"
2026-05-20 12:11:14.214 +02:00 [INF] Executed an implicit handler method, returned result Microsoft.AspNetCore.Mvc.RazorPages.PageResult.
2026-05-20 12:11:14.218 +02:00 [INF] Executed page /Index in 8.4247ms
2026-05-20 12:11:14.222 +02:00 [INF] Executed endpoint '/Index'
2026-05-20 12:11:14.224 +02:00 [INF] Request finished HTTP/1.1 GET http://localhost:5150/ - 200 null text/html; charset=utf-8 22.5495ms
