2026-05-18 20:31:50.741 +02:00 [INF] User profile is available. Using 'C:\Users\fallo\AppData\Local\ASP.NET\DataProtection-Keys' as key repository and Windows DPAPI to encrypt keys at rest.
2026-05-18 20:31:50.890 +02:00 [INF] Now listening on: http://localhost:5150
2026-05-18 20:31:50.893 +02:00 [INF] Application started. Press Ctrl+C to shut down.
2026-05-18 20:31:50.894 +02:00 [INF] Hosting environment: Development
2026-05-18 20:31:50.894 +02:00 [INF] Content root path: C:\BAC 2-3\App info 2\ProjetAppInfo2\AnimeCollection
2026-05-18 20:34:43.804 +02:00 [INF] User profile is available. Using 'C:\Users\fallo\AppData\Local\ASP.NET\DataProtection-Keys' as key repository and Windows DPAPI to encrypt keys at rest.
2026-05-18 20:34:43.972 +02:00 [INF] Now listening on: http://localhost:5150
2026-05-18 20:34:43.975 +02:00 [INF] Application started. Press Ctrl+C to shut down.
2026-05-18 20:34:43.976 +02:00 [INF] Hosting environment: Development
2026-05-18 20:34:43.977 +02:00 [INF] Content root path: C:\BAC 2-3\App info 2\ProjetAppInfo2\AnimeCollection
2026-05-18 20:34:45.229 +02:00 [INF] Request starting HTTP/1.1 GET http://localhost:5150/ - null null
2026-05-18 20:34:45.294 +02:00 [INF] CookieAuth was not authenticated. Failure message: Unprotect ticket failed
2026-05-18 20:34:45.302 +02:00 [INF] Executing endpoint '/Index'
2026-05-18 20:34:45.354 +02:00 [INF] Route matched with {page = "/Index"}. Executing page /Index
2026-05-18 20:34:45.367 +02:00 [INF] Executing handler method AnimeCollection.Pages.IndexModel.OnGet - ModelState is "Valid"
2026-05-18 20:34:45.370 +02:00 [INF] Executed handler method OnGet, returned result .
2026-05-18 20:34:45.379 +02:00 [INF] Executing an implicit handler method - ModelState is "Valid"
2026-05-18 20:34:45.387 +02:00 [INF] Executed an implicit handler method, returned result Microsoft.AspNetCore.Mvc.RazorPages.PageResult.
2026-05-18 20:34:45.536 +02:00 [INF] Executed page /Index in 153.0317ms
2026-05-18 20:34:45.555 +02:00 [INF] Request starting HTTP/1.1 GET http://localhost:5150/lib/bootstrap/dist/css/bootstrap.min.css - null null
2026-05-18 20:34:45.555 +02:00 [INF] Request starting HTTP/1.1 GET http://localhost:5150/AnimeCollection.styles.css?v=UjIRZ2E2kf3I0Fy-14dzQaMkAGN9sLLYVV9uE_5kntU - null null
2026-05-18 20:34:45.556 +02:00 [INF] Request starting HTTP/1.1 GET http://localhost:5150/css/site.css?v=j6fhJSuuyLpOSLuPJU0TsDV0iNjor5S3rDnvxJrt4bg - null null
2026-05-18 20:34:45.558 +02:00 [INF] Executed endpoint '/Index'
2026-05-18 20:34:45.563 +02:00 [INF] Request starting HTTP/1.1 GET http://localhost:5150/lib/bootstrap/dist/js/bootstrap.bundle.min.js - null null
2026-05-18 20:34:45.564 +02:00 [INF] Request starting HTTP/1.1 GET http://localhost:5150/lib/jquery/dist/jquery.min.js - null null
2026-05-18 20:34:45.574 +02:00 [INF] Request finished HTTP/1.1 GET http://localhost:5150/ - 200 null text/html; charset=utf-8 351.6591ms
2026-05-18 20:34:45.585 +02:00 [INF] Sending file. Request path: '/css/site.css'. Physical path: 'C:\BAC 2-3\App info 2\ProjetAppInfo2\AnimeCollection\wwwroot\css\site.css'
2026-05-18 20:34:45.585 +02:00 [INF] Sending file. Request path: '/AnimeCollection.styles.css'. Physical path: 'C:\BAC 2-3\App info 2\ProjetAppInfo2\AnimeCollection\obj\Debug\net10.0\scopedcss\bundle\AnimeCollection.styles.css'
2026-05-18 20:34:45.593 +02:00 [INF] Sending file. Request path: '/lib/bootstrap/dist/css/bootstrap.min.css'. Physical path: 'C:\BAC 2-3\App info 2\ProjetAppInfo2\AnimeCollection\wwwroot\lib\bootstrap\dist\css\bootstrap.min.css'
2026-05-18 20:34:45.624 +02:00 [INF] Request finished HTTP/1.1 GET http://localhost:5150/lib/bootstrap/dist/css/bootstrap.min.css - 200 232803 text/css 69.9634ms
2026-05-18 20:34:45.605 +02:00 [INF] Sending file. Request path: '/lib/jquery/dist/jquery.min.js'. Physical path: 'C:\BAC 2-3\App info 2\ProjetAppInfo2\AnimeCollection\wwwroot\lib\jquery\dist\jquery.min.js'
2026-05-18 20:34:45.607 +02:00 [INF] Request starting HTTP/1.1 GET http://localhost:5150/js/site.js?v=hRQyftXiu1lLX2P9Ly9xa4gHJgLeR1uGN5qegUobtGo - null null
2026-05-18 20:34:45.611 +02:00 [INF] Request finished HTTP/1.1 GET http://localhost:5150/css/site.css?v=j6fhJSuuyLpOSLuPJU0TsDV0iNjor5S3rDnvxJrt4bg - 200 667 text/css 54.6811ms
2026-05-18 20:34:45.621 +02:00 [INF] Request finished HTTP/1.1 GET http://localhost:5150/AnimeCollection.styles.css?v=UjIRZ2E2kf3I0Fy-14dzQaMkAGN9sLLYVV9uE_5kntU - 200 1109 text/css 66.9136ms
2026-05-18 20:34:45.602 +02:00 [INF] Sending file. Request path: '/lib/bootstrap/dist/js/bootstrap.bundle.min.js'. Physical path: 'C:\BAC 2-3\App info 2\ProjetAppInfo2\AnimeCollection\wwwroot\lib\bootstrap\dist\js\bootstrap.bundle.min.js'
2026-05-18 20:34:45.638 +02:00 [INF] Request finished HTTP/1.1 GET http://localhost:5150/lib/jquery/dist/jquery.min.js - 200 87533 text/javascript 74.4943ms
2026-05-18 20:34:45.738 +02:00 [INF] Sending file. Request path: '/js/site.js'. Physical path: 'C:\BAC 2-3\App info 2\ProjetAppInfo2\AnimeCollection\wwwroot\js\site.js'
2026-05-18 20:34:45.775 +02:00 [INF] Request finished HTTP/1.1 GET http://localhost:5150/lib/bootstrap/dist/js/bootstrap.bundle.min.js - 200 80721 text/javascript 211.4176ms
2026-05-18 20:34:45.793 +02:00 [INF] Request finished HTTP/1.1 GET http://localhost:5150/js/site.js?v=hRQyftXiu1lLX2P9Ly9xa4gHJgLeR1uGN5qegUobtGo - 200 231 text/javascript 186.4722ms
2026-05-18 20:35:08.399 +02:00 [INF] Request starting HTTP/1.1 GET http://localhost:5150/index - null null
2026-05-18 20:35:08.404 +02:00 [INF] CookieAuth was not authenticated. Failure message: Unprotect ticket failed
2026-05-18 20:35:08.406 +02:00 [INF] Executing endpoint '/Index'
2026-05-18 20:35:08.419 +02:00 [INF] Route matched with {page = "/Index"}. Executing page /Index
2026-05-18 20:35:08.421 +02:00 [INF] Executing handler method AnimeCollection.Pages.IndexModel.OnGet - ModelState is "Valid"
2026-05-18 20:35:08.422 +02:00 [INF] Executed handler method OnGet, returned result .
2026-05-18 20:35:08.423 +02:00 [INF] Executing an implicit handler method - ModelState is "Valid"
2026-05-18 20:35:08.424 +02:00 [INF] Executed an implicit handler method, returned result Microsoft.AspNetCore.Mvc.RazorPages.PageResult.
2026-05-18 20:35:08.433 +02:00 [INF] Executed page /Index in 12.0696ms
2026-05-18 20:35:08.434 +02:00 [INF] Executed endpoint '/Index'
2026-05-18 20:35:08.435 +02:00 [INF] Request finished HTTP/1.1 GET http://localhost:5150/index - 200 null text/html; charset=utf-8 36.4078ms
2026-05-18 20:38:29.611 +02:00 [INF] User profile is available. Using 'C:\Users\fallo\AppData\Local\ASP.NET\DataProtection-Keys' as key repository and Windows DPAPI to encrypt keys at rest.
2026-05-18 20:38:29.759 +02:00 [INF] Now listening on: http://localhost:5150
2026-05-18 20:38:29.761 +02:00 [INF] Application started. Press Ctrl+C to shut down.
2026-05-18 20:38:29.762 +02:00 [INF] Hosting environment: Development
2026-05-18 20:38:29.763 +02:00 [INF] Content root path: C:\BAC 2-3\App info 2\ProjetAppInfo2\AnimeCollection
2026-05-18 20:38:31.030 +02:00 [INF] Request starting HTTP/1.1 GET http://localhost:5150/ - null null
2026-05-18 20:38:31.089 +02:00 [INF] CookieAuth was not authenticated. Failure message: Unprotect ticket failed
2026-05-18 20:38:31.096 +02:00 [INF] Executing endpoint '/Index'
2026-05-18 20:38:31.148 +02:00 [INF] Route matched with {page = "/Index"}. Executing page /Index
2026-05-18 20:38:31.157 +02:00 [INF] Executing handler method AnimeCollection.Pages.IndexModel.OnGet - ModelState is "Valid"
2026-05-18 20:38:31.160 +02:00 [INF] Executed handler method OnGet, returned result .
2026-05-18 20:38:31.165 +02:00 [INF] Executing an implicit handler method - ModelState is "Valid"
2026-05-18 20:38:31.167 +02:00 [INF] Executed an implicit handler method, returned result Microsoft.AspNetCore.Mvc.RazorPages.PageResult.
2026-05-18 20:38:31.267 +02:00 [INF] Executed page /Index in 113.8386ms
2026-05-18 20:38:31.270 +02:00 [INF] Executed endpoint '/Index'
2026-05-18 20:38:31.284 +02:00 [INF] Request finished HTTP/1.1 GET http://localhost:5150/ - 200 null text/html; charset=utf-8 260.0717ms
2026-05-18 20:38:31.303 +02:00 [INF] Request starting HTTP/1.1 GET http://localhost:5150/css/site.css?v=j6fhJSuuyLpOSLuPJU0TsDV0iNjor5S3rDnvxJrt4bg - null null
2026-05-18 20:38:31.306 +02:00 [INF] Request starting HTTP/1.1 GET http://localhost:5150/lib/bootstrap/dist/css/bootstrap.min.css - null null
2026-05-18 20:38:31.314 +02:00 [INF] Request starting HTTP/1.1 GET http://localhost:5150/AnimeCollection.styles.css?v=UjIRZ2E2kf3I0Fy-14dzQaMkAGN9sLLYVV9uE_5kntU - null null
2026-05-18 20:38:31.317 +02:00 [INF] Request starting HTTP/1.1 GET http://localhost:5150/lib/jquery/dist/jquery.min.js - null null
2026-05-18 20:38:31.318 +02:00 [INF] Request starting HTTP/1.1 GET http://localhost:5150/lib/bootstrap/dist/js/bootstrap.bundle.min.js - null null
2026-05-18 20:38:31.318 +02:00 [INF] Request starting HTTP/1.1 GET http://localhost:5150/js/site.js?v=hRQyftXiu1lLX2P9Ly9xa4gHJgLeR1uGN5qegUobtGo - null null
2026-05-18 20:38:31.321 +02:00 [INF] The file /css/site.css was not modified
2026-05-18 20:38:31.321 +02:00 [INF] The file /lib/bootstrap/dist/css/bootstrap.min.css was not modified
2026-05-18 20:38:31.328 +02:00 [INF] The file /AnimeCollection.styles.css was not modified
2026-05-18 20:38:31.331 +02:00 [INF] The file /lib/jquery/dist/jquery.min.js was not modified
2026-05-18 20:38:31.336 +02:00 [INF] The file /lib/bootstrap/dist/js/bootstrap.bundle.min.js was not modified
2026-05-18 20:38:31.348 +02:00 [INF] The file /js/site.js was not modified
2026-05-18 20:38:31.353 +02:00 [INF] Request finished HTTP/1.1 GET http://localhost:5150/css/site.css?v=j6fhJSuuyLpOSLuPJU0TsDV0iNjor5S3rDnvxJrt4bg - 304 null text/css 50.3994ms
2026-05-18 20:38:31.353 +02:00 [INF] Request finished HTTP/1.1 GET http://localhost:5150/lib/bootstrap/dist/css/bootstrap.min.css - 304 null text/css 46.8059ms
2026-05-18 20:38:31.356 +02:00 [INF] Request finished HTTP/1.1 GET http://localhost:5150/AnimeCollection.styles.css?v=UjIRZ2E2kf3I0Fy-14dzQaMkAGN9sLLYVV9uE_5kntU - 304 null text/css 41.607ms
2026-05-18 20:38:31.357 +02:00 [INF] Request finished HTTP/1.1 GET http://localhost:5150/lib/jquery/dist/jquery.min.js - 304 null text/javascript 40.3043ms
2026-05-18 20:38:31.361 +02:00 [INF] Request finished HTTP/1.1 GET http://localhost:5150/lib/bootstrap/dist/js/bootstrap.bundle.min.js - 304 null text/javascript 43.5145ms
2026-05-18 20:38:31.364 +02:00 [INF] Request finished HTTP/1.1 GET http://localhost:5150/js/site.js?v=hRQyftXiu1lLX2P9Ly9xa4gHJgLeR1uGN5qegUobtGo - 304 null text/javascript 45.6126ms
2026-05-18 20:43:56.666 +02:00 [INF] User profile is available. Using 'C:\Users\fallo\AppData\Local\ASP.NET\DataProtection-Keys' as key repository and Windows DPAPI to encrypt keys at rest.
2026-05-18 20:43:56.809 +02:00 [INF] Now listening on: http://localhost:5150
2026-05-18 20:43:56.811 +02:00 [INF] Application started. Press Ctrl+C to shut down.
2026-05-18 20:43:56.812 +02:00 [INF] Hosting environment: Development
2026-05-18 20:43:56.813 +02:00 [INF] Content root path: C:\BAC 2-3\App info 2\ProjetAppInfo2\AnimeCollection
2026-05-18 20:43:58.848 +02:00 [INF] Request starting HTTP/1.1 GET http://localhost:5150/ - null null
2026-05-18 20:43:58.907 +02:00 [INF] CookieAuth was not authenticated. Failure message: Unprotect ticket failed
2026-05-18 20:43:58.915 +02:00 [INF] Executing endpoint '/Index'
2026-05-18 20:43:58.961 +02:00 [INF] Route matched with {page = "/Index"}. Executing page /Index
2026-05-18 20:43:58.969 +02:00 [INF] Executing handler method AnimeCollection.Pages.IndexModel.OnGet - ModelState is "Valid"
2026-05-18 20:43:58.973 +02:00 [INF] Executed handler method OnGet, returned result .
2026-05-18 20:43:58.978 +02:00 [INF] Executing an implicit handler method - ModelState is "Valid"
2026-05-18 20:43:58.979 +02:00 [INF] Executed an implicit handler method, returned result Microsoft.AspNetCore.Mvc.RazorPages.PageResult.
2026-05-18 20:43:59.084 +02:00 [INF] Executed page /Index in 117.9729ms
2026-05-18 20:43:59.087 +02:00 [INF] Executed endpoint '/Index'
2026-05-18 20:43:59.115 +02:00 [INF] Request finished HTTP/1.1 GET http://localhost:5150/ - 200 null text/html; charset=utf-8 262.4018ms
2026-05-18 20:43:59.122 +02:00 [INF] Request starting HTTP/1.1 GET http://localhost:5150/AnimeCollection.styles.css?v=UjIRZ2E2kf3I0Fy-14dzQaMkAGN9sLLYVV9uE_5kntU - null null
2026-05-18 20:43:59.122 +02:00 [INF] Request starting HTTP/1.1 GET http://localhost:5150/css/site.css?v=j6fhJSuuyLpOSLuPJU0TsDV0iNjor5S3rDnvxJrt4bg - null null
2026-05-18 20:43:59.122 +02:00 [INF] Request starting HTTP/1.1 GET http://localhost:5150/lib/bootstrap/dist/js/bootstrap.bundle.min.js - null null
2026-05-18 20:43:59.123 +02:00 [INF] Request starting HTTP/1.1 GET http://localhost:5150/lib/jquery/dist/jquery.min.js - null null
2026-05-18 20:43:59.123 +02:00 [INF] Request starting HTTP/1.1 GET http://localhost:5150/js/site.js?v=hRQyftXiu1lLX2P9Ly9xa4gHJgLeR1uGN5qegUobtGo - null null
2026-05-18 20:43:59.129 +02:00 [INF] Request starting HTTP/1.1 GET http://localhost:5150/lib/bootstrap/dist/css/bootstrap.min.css - null null
2026-05-18 20:43:59.139 +02:00 [INF] The file /AnimeCollection.styles.css was not modified
2026-05-18 20:43:59.140 +02:00 [INF] The file /lib/bootstrap/dist/js/bootstrap.bundle.min.js was not modified
2026-05-18 20:43:59.141 +02:00 [INF] The file /css/site.css was not modified
2026-05-18 20:43:59.151 +02:00 [INF] Request finished HTTP/1.1 GET http://localhost:5150/lib/bootstrap/dist/js/bootstrap.bundle.min.js - 304 null text/javascript 28.4316ms
2026-05-18 20:43:59.147 +02:00 [INF] The file /js/site.js was not modified
2026-05-18 20:43:59.149 +02:00 [INF] The file /lib/bootstrap/dist/css/bootstrap.min.css was not modified
2026-05-18 20:43:59.151 +02:00 [INF] Request finished HTTP/1.1 GET http://localhost:5150/AnimeCollection.styles.css?v=UjIRZ2E2kf3I0Fy-14dzQaMkAGN9sLLYVV9uE_5kntU - 304 null text/css 29.5475ms
2026-05-18 20:43:59.145 +02:00 [INF] The file /lib/jquery/dist/jquery.min.js was not modified
2026-05-18 20:43:59.151 +02:00 [INF] Request finished HTTP/1.1 GET http://localhost:5150/css/site.css?v=j6fhJSuuyLpOSLuPJU0TsDV0iNjor5S3rDnvxJrt4bg - 304 null text/css 29.9255ms
2026-05-18 20:43:59.162 +02:00 [INF] Request finished HTTP/1.1 GET http://localhost:5150/js/site.js?v=hRQyftXiu1lLX2P9Ly9xa4gHJgLeR1uGN5qegUobtGo - 304 null text/javascript 39.1476ms
2026-05-18 20:43:59.163 +02:00 [INF] Request finished HTTP/1.1 GET http://localhost:5150/lib/bootstrap/dist/css/bootstrap.min.css - 304 null text/css 34.2511ms
2026-05-18 20:43:59.166 +02:00 [INF] Request finished HTTP/1.1 GET http://localhost:5150/lib/jquery/dist/jquery.min.js - 304 null text/javascript 43.2491ms
2026-05-18 20:47:00.812 +02:00 [INF] User profile is available. Using 'C:\Users\fallo\AppData\Local\ASP.NET\DataProtection-Keys' as key repository and Windows DPAPI to encrypt keys at rest.
2026-05-18 20:47:00.948 +02:00 [INF] Now listening on: http://localhost:5150
2026-05-18 20:47:00.950 +02:00 [INF] Application started. Press Ctrl+C to shut down.
2026-05-18 20:47:00.951 +02:00 [INF] Hosting environment: Development
2026-05-18 20:47:00.952 +02:00 [INF] Content root path: C:\BAC 2-3\App info 2\ProjetAppInfo2\AnimeCollection
2026-05-18 20:47:02.150 +02:00 [INF] Request starting HTTP/1.1 GET http://localhost:5150/ - null null
2026-05-18 20:47:02.209 +02:00 [INF] CookieAuth was not authenticated. Failure message: Unprotect ticket failed
2026-05-18 20:47:02.214 +02:00 [INF] Executing endpoint '/Index'
2026-05-18 20:47:02.255 +02:00 [INF] Route matched with {page = "/Index"}. Executing page /Index
2026-05-18 20:47:02.263 +02:00 [INF] Executing handler method AnimeCollection.Pages.IndexModel.OnGet - ModelState is "Valid"
2026-05-18 20:47:02.266 +02:00 [INF] Executed handler method OnGet, returned result .
2026-05-18 20:47:02.276 +02:00 [INF] Executing an implicit handler method - ModelState is "Valid"
2026-05-18 20:47:02.277 +02:00 [INF] Executed an implicit handler method, returned result Microsoft.AspNetCore.Mvc.RazorPages.PageResult.
2026-05-18 20:47:02.381 +02:00 [INF] Executed page /Index in 120.2315ms
2026-05-18 20:47:02.420 +02:00 [INF] Request starting HTTP/1.1 GET http://localhost:5150/lib/bootstrap/dist/css/bootstrap.min.css - null null
2026-05-18 20:47:02.422 +02:00 [INF] Request starting HTTP/1.1 GET http://localhost:5150/css/site.css?v=j6fhJSuuyLpOSLuPJU0TsDV0iNjor5S3rDnvxJrt4bg - null null
2026-05-18 20:47:02.423 +02:00 [INF] Request starting HTTP/1.1 GET http://localhost:5150/AnimeCollection.styles.css?v=UjIRZ2E2kf3I0Fy-14dzQaMkAGN9sLLYVV9uE_5kntU - null null
2026-05-18 20:47:02.425 +02:00 [INF] Request starting HTTP/1.1 GET http://localhost:5150/lib/jquery/dist/jquery.min.js - null null
2026-05-18 20:47:02.426 +02:00 [INF] Request starting HTTP/1.1 GET http://localhost:5150/lib/bootstrap/dist/js/bootstrap.bundle.min.js - null null
2026-05-18 20:47:02.427 +02:00 [INF] Executed endpoint '/Index'
2026-05-18 20:47:02.440 +02:00 [INF] The file /lib/bootstrap/dist/css/bootstrap.min.css was not modified
2026-05-18 20:47:02.440 +02:00 [INF] The file /css/site.css was not modified
2026-05-18 20:47:02.444 +02:00 [INF] The file /AnimeCollection.styles.css was not modified
2026-05-18 20:47:02.446 +02:00 [INF] The file /lib/jquery/dist/jquery.min.js was not modified
2026-05-18 20:47:02.447 +02:00 [INF] The file /lib/bootstrap/dist/js/bootstrap.bundle.min.js was not modified
2026-05-18 20:47:02.452 +02:00 [INF] Request finished HTTP/1.1 GET http://localhost:5150/ - 200 null text/html; charset=utf-8 304.221ms
2026-05-18 20:47:02.476 +02:00 [INF] Request starting HTTP/1.1 GET http://localhost:5150/js/site.js?v=hRQyftXiu1lLX2P9Ly9xa4gHJgLeR1uGN5qegUobtGo - null null
2026-05-18 20:47:02.456 +02:00 [INF] Request finished HTTP/1.1 GET http://localhost:5150/css/site.css?v=j6fhJSuuyLpOSLuPJU0TsDV0iNjor5S3rDnvxJrt4bg - 304 null text/css 34.1062ms
2026-05-18 20:47:02.460 +02:00 [INF] Request finished HTTP/1.1 GET http://localhost:5150/AnimeCollection.styles.css?v=UjIRZ2E2kf3I0Fy-14dzQaMkAGN9sLLYVV9uE_5kntU - 304 null text/css 36.9812ms
2026-05-18 20:47:02.463 +02:00 [INF] Request finished HTTP/1.1 GET http://localhost:5150/lib/jquery/dist/jquery.min.js - 304 null text/javascript 37.6872ms
2026-05-18 20:47:02.464 +02:00 [INF] Request finished HTTP/1.1 GET http://localhost:5150/lib/bootstrap/dist/js/bootstrap.bundle.min.js - 304 null text/javascript 38.418ms
2026-05-18 20:47:02.455 +02:00 [INF] Request finished HTTP/1.1 GET http://localhost:5150/lib/bootstrap/dist/css/bootstrap.min.css - 304 null text/css 36.0234ms
2026-05-18 20:47:02.494 +02:00 [INF] The file /js/site.js was not modified
2026-05-18 20:47:02.654 +02:00 [INF] Request finished HTTP/1.1 GET http://localhost:5150/js/site.js?v=hRQyftXiu1lLX2P9Ly9xa4gHJgLeR1uGN5qegUobtGo - 304 null text/javascript 178.1396ms
2026-05-18 20:47:07.205 +02:00 [INF] Request starting HTTP/1.1 GET http://localhost:5150/personnage - null null
2026-05-18 20:47:07.210 +02:00 [INF] CookieAuth was not authenticated. Failure message: Unprotect ticket failed
2026-05-18 20:47:07.215 +02:00 [INF] CookieAuth was not authenticated. Failure message: Unprotect ticket failed
2026-05-18 20:47:07.216 +02:00 [INF] Request finished HTTP/1.1 GET http://localhost:5150/personnage - 404 0 null 11.1463ms
2026-05-18 20:47:07.223 +02:00 [INF] Request reached the end of the middleware pipeline without being handled by application code. Request path: GET http://localhost:5150/personnage, Response status code: 404
2026-05-18 20:47:14.368 +02:00 [INF] Request starting HTTP/1.1 GET http://localhost:5150/personnages - null null
2026-05-18 20:47:14.374 +02:00 [INF] CookieAuth was not authenticated. Failure message: Unprotect ticket failed
2026-05-18 20:47:14.376 +02:00 [INF] Executing endpoint '/Personnages/Index'
2026-05-18 20:47:14.398 +02:00 [INF] Route matched with {page = "/Personnages/Index"}. Executing page /Personnages/Index
2026-05-18 20:47:14.782 +02:00 [INF] Executing handler method AnimeCollection.Pages.Personnages.IndexModel.OnGet - ModelState is "Valid"
2026-05-18 20:47:14.832 +02:00 [INF] Executed page /Personnages/Index in 432.8601ms
2026-05-18 20:47:14.835 +02:00 [INF] Executed endpoint '/Personnages/Index'
2026-05-18 20:47:14.841 +02:00 [ERR] An unhandled exception has occurred while executing the request.
Npgsql.PostgresException (0x80004005): 42P01: la relation « personnages » n'existe pas

POSITION: 120
   at Npgsql.Internal.NpgsqlConnector.ReadMessageLong(Boolean async, DataRowLoadingMode dataRowLoadingMode, Boolean readingNotifications, Boolean isReadingPrependedMessage)
   at System.Runtime.CompilerServices.PoolingAsyncValueTaskMethodBuilder`1.StateMachineBox`1.System.Threading.Tasks.Sources.IValueTaskSource<TResult>.GetResult(Int16 token)
   at Npgsql.NpgsqlDataReader.NextResult(Boolean async, Boolean isConsuming, CancellationToken cancellationToken)
   at Npgsql.NpgsqlDataReader.NextResult(Boolean async, Boolean isConsuming, CancellationToken cancellationToken)
   at Npgsql.NpgsqlDataReader.NextResult()
   at Npgsql.NpgsqlCommand.ExecuteReader(Boolean async, CommandBehavior behavior, CancellationToken cancellationToken)
   at Npgsql.NpgsqlCommand.ExecuteReader(Boolean async, CommandBehavior behavior, CancellationToken cancellationToken)
   at Npgsql.NpgsqlCommand.ExecuteReader(CommandBehavior behavior)
   at AnimeCollection.Services.PersonnageService.GetAll(String search) in C:\BAC 2-3\App info 2\ProjetAppInfo2\AnimeCollection\Services\PersonnageService.cs:line 42
   at AnimeCollection.Pages.Personnages.IndexModel.OnGet() in C:\BAC 2-3\App info 2\ProjetAppInfo2\AnimeCollection\Pages\Personnages\index.cshtml.cs:line 24
   at Microsoft.AspNetCore.Mvc.RazorPages.Infrastructure.ExecutorFactory.VoidHandlerMethod.Execute(Object receiver, Object[] arguments)
   at Microsoft.AspNetCore.Mvc.RazorPages.Infrastructure.PageActionInvoker.InvokeHandlerMethodAsync()
   at Microsoft.AspNetCore.Mvc.RazorPages.Infrastructure.PageActionInvoker.InvokeNextPageFilterAsync()
   at Microsoft.AspNetCore.Mvc.RazorPages.Infrastructure.PageActionInvoker.Rethrow(PageHandlerExecutedContext context)
   at Microsoft.AspNetCore.Mvc.RazorPages.Infrastructure.PageActionInvoker.Next(State& next, Scope& scope, Object& state, Boolean& isCompleted)
   at Microsoft.AspNetCore.Mvc.RazorPages.Infrastructure.PageActionInvoker.InvokeInnerFilterAsync()
   at Microsoft.AspNetCore.Mvc.Infrastructure.ResourceInvoker.<InvokeNextResourceFilter>g__Awaited|25_0(ResourceInvoker invoker, Task lastTask, State next, Scope scope, Object state, Boolean isCompleted)
   at Microsoft.AspNetCore.Mvc.Infrastructure.ResourceInvoker.Rethrow(ResourceExecutedContextSealed context)
   at Microsoft.AspNetCore.Mvc.Infrastructure.ResourceInvoker.Next(State& next, Scope& scope, Object& state, Boolean& isCompleted)
   at Microsoft.AspNetCore.Mvc.Infrastructure.ResourceInvoker.InvokeFilterPipelineAsync()
--- End of stack trace from previous location ---
   at Microsoft.AspNetCore.Mvc.Infrastructure.ResourceInvoker.<InvokeAsync>g__Logged|17_1(ResourceInvoker invoker)
   at Microsoft.AspNetCore.Mvc.Infrastructure.ResourceInvoker.<InvokeAsync>g__Logged|17_1(ResourceInvoker invoker)
   at Microsoft.AspNetCore.Routing.EndpointMiddleware.<Invoke>g__AwaitRequestTask|7_0(Endpoint endpoint, Task requestTask, ILogger logger)
   at Microsoft.AspNetCore.Authorization.AuthorizationMiddleware.Invoke(HttpContext context)
   at Microsoft.AspNetCore.Authentication.AuthenticationMiddleware.Invoke(HttpContext context)
   at Microsoft.AspNetCore.Diagnostics.StatusCodePagesMiddleware.Invoke(HttpContext context)
   at Microsoft.AspNetCore.Diagnostics.DeveloperExceptionPageMiddlewareImpl.Invoke(HttpContext context)
  Exception data:
    Severity: ERREUR
    SqlState: 42P01
    MessageText: la relation « personnages » n'existe pas
    Position: 120
    File: parse_relation.c
    Line: 1469
    Routine: parserOpenTable
2026-05-18 20:47:14.938 +02:00 [INF] Request finished HTTP/1.1 GET http://localhost:5150/personnages - 500 null text/html; charset=utf-8 570.8646ms
2026-05-18 20:48:05.456 +02:00 [INF] User profile is available. Using 'C:\Users\fallo\AppData\Local\ASP.NET\DataProtection-Keys' as key repository and Windows DPAPI to encrypt keys at rest.
2026-05-18 20:48:05.600 +02:00 [INF] Now listening on: http://localhost:5150
2026-05-18 20:48:05.602 +02:00 [INF] Application started. Press Ctrl+C to shut down.
2026-05-18 20:48:05.603 +02:00 [INF] Hosting environment: Development
2026-05-18 20:48:05.604 +02:00 [INF] Content root path: C:\BAC 2-3\App info 2\ProjetAppInfo2\AnimeCollection
2026-05-18 20:48:08.658 +02:00 [INF] Request starting HTTP/1.1 GET http://localhost:5150/ - null null
2026-05-18 20:48:08.725 +02:00 [INF] CookieAuth was not authenticated. Failure message: Unprotect ticket failed
2026-05-18 20:48:08.731 +02:00 [INF] Executing endpoint '/Index'
2026-05-18 20:48:08.773 +02:00 [INF] Route matched with {page = "/Index"}. Executing page /Index
2026-05-18 20:48:08.787 +02:00 [INF] Executing handler method AnimeCollection.Pages.IndexModel.OnGet - ModelState is "Valid"
2026-05-18 20:48:08.790 +02:00 [INF] Executed handler method OnGet, returned result .
2026-05-18 20:48:08.794 +02:00 [INF] Executing an implicit handler method - ModelState is "Valid"
2026-05-18 20:48:08.796 +02:00 [INF] Executed an implicit handler method, returned result Microsoft.AspNetCore.Mvc.RazorPages.PageResult.
2026-05-18 20:48:08.888 +02:00 [INF] Executed page /Index in 110.0393ms
2026-05-18 20:48:08.890 +02:00 [INF] Executed endpoint '/Index'
2026-05-18 20:48:08.898 +02:00 [INF] Request finished HTTP/1.1 GET http://localhost:5150/ - 200 null text/html; charset=utf-8 242.9479ms
2026-05-18 20:48:16.926 +02:00 [INF] Request starting HTTP/1.1 GET http://localhost:5150/Personnages - null null
2026-05-18 20:48:16.936 +02:00 [INF] CookieAuth was not authenticated. Failure message: Unprotect ticket failed
2026-05-18 20:48:16.938 +02:00 [INF] Executing endpoint '/Personnages/Index'
2026-05-18 20:48:16.960 +02:00 [INF] Route matched with {page = "/Personnages/Index"}. Executing page /Personnages/Index
2026-05-18 20:48:17.271 +02:00 [INF] Executing handler method AnimeCollection.Pages.Personnages.IndexModel.OnGet - ModelState is "Valid"
2026-05-18 20:48:17.316 +02:00 [INF] Executed page /Personnages/Index in 354.456ms
2026-05-18 20:48:17.319 +02:00 [INF] Executed endpoint '/Personnages/Index'
2026-05-18 20:48:17.323 +02:00 [ERR] An unhandled exception has occurred while executing the request.
Npgsql.PostgresException (0x80004005): 42P01: la relation « personnages » n'existe pas

POSITION: 120
   at Npgsql.Internal.NpgsqlConnector.ReadMessageLong(Boolean async, DataRowLoadingMode dataRowLoadingMode, Boolean readingNotifications, Boolean isReadingPrependedMessage)
   at System.Runtime.CompilerServices.PoolingAsyncValueTaskMethodBuilder`1.StateMachineBox`1.System.Threading.Tasks.Sources.IValueTaskSource<TResult>.GetResult(Int16 token)
   at Npgsql.NpgsqlDataReader.NextResult(Boolean async, Boolean isConsuming, CancellationToken cancellationToken)
   at Npgsql.NpgsqlDataReader.NextResult(Boolean async, Boolean isConsuming, CancellationToken cancellationToken)
   at Npgsql.NpgsqlDataReader.NextResult()
   at Npgsql.NpgsqlCommand.ExecuteReader(Boolean async, CommandBehavior behavior, CancellationToken cancellationToken)
   at Npgsql.NpgsqlCommand.ExecuteReader(Boolean async, CommandBehavior behavior, CancellationToken cancellationToken)
   at Npgsql.NpgsqlCommand.ExecuteReader(CommandBehavior behavior)
   at AnimeCollection.Services.PersonnageService.GetAll(String search) in C:\BAC 2-3\App info 2\ProjetAppInfo2\AnimeCollection\Services\PersonnageService.cs:line 42
   at AnimeCollection.Pages.Personnages.IndexModel.OnGet() in C:\BAC 2-3\App info 2\ProjetAppInfo2\AnimeCollection\Pages\Personnages\index.cshtml.cs:line 24
   at Microsoft.AspNetCore.Mvc.RazorPages.Infrastructure.ExecutorFactory.VoidHandlerMethod.Execute(Object receiver, Object[] arguments)
   at Microsoft.AspNetCore.Mvc.RazorPages.Infrastructure.PageActionInvoker.InvokeHandlerMethodAsync()
   at Microsoft.AspNetCore.Mvc.RazorPages.Infrastructure.PageActionInvoker.InvokeNextPageFilterAsync()
   at Microsoft.AspNetCore.Mvc.RazorPages.Infrastructure.PageActionInvoker.Rethrow(PageHandlerExecutedContext context)
   at Microsoft.AspNetCore.Mvc.RazorPages.Infrastructure.PageActionInvoker.Next(State& next, Scope& scope, Object& state, Boolean& isCompleted)
   at Microsoft.AspNetCore.Mvc.RazorPages.Infrastructure.PageActionInvoker.InvokeInnerFilterAsync()
   at Microsoft.AspNetCore.Mvc.Infrastructure.ResourceInvoker.<InvokeNextResourceFilter>g__Awaited|25_0(ResourceInvoker invoker, Task lastTask, State next, Scope scope, Object state, Boolean isCompleted)
   at Microsoft.AspNetCore.Mvc.Infrastructure.ResourceInvoker.Rethrow(ResourceExecutedContextSealed context)
   at Microsoft.AspNetCore.Mvc.Infrastructure.ResourceInvoker.Next(State& next, Scope& scope, Object& state, Boolean& isCompleted)
   at Microsoft.AspNetCore.Mvc.Infrastructure.ResourceInvoker.InvokeFilterPipelineAsync()
--- End of stack trace from previous location ---
   at Microsoft.AspNetCore.Mvc.Infrastructure.ResourceInvoker.<InvokeAsync>g__Logged|17_1(ResourceInvoker invoker)
   at Microsoft.AspNetCore.Mvc.Infrastructure.ResourceInvoker.<InvokeAsync>g__Logged|17_1(ResourceInvoker invoker)
   at Microsoft.AspNetCore.Routing.EndpointMiddleware.<Invoke>g__AwaitRequestTask|7_0(Endpoint endpoint, Task requestTask, ILogger logger)
   at Microsoft.AspNetCore.Authorization.AuthorizationMiddleware.Invoke(HttpContext context)
   at Microsoft.AspNetCore.Authentication.AuthenticationMiddleware.Invoke(HttpContext context)
   at Microsoft.AspNetCore.Diagnostics.StatusCodePagesMiddleware.Invoke(HttpContext context)
   at Microsoft.AspNetCore.Diagnostics.DeveloperExceptionPageMiddlewareImpl.Invoke(HttpContext context)
  Exception data:
    Severity: ERREUR
    SqlState: 42P01
    MessageText: la relation « personnages » n'existe pas
    Position: 120
    File: parse_relation.c
    Line: 1469
    Routine: parserOpenTable
2026-05-18 20:48:17.409 +02:00 [INF] Request finished HTTP/1.1 GET http://localhost:5150/Personnages - 500 null text/html; charset=utf-8 484.1575ms
2026-05-18 20:54:40.293 +02:00 [INF] User profile is available. Using 'C:\Users\fallo\AppData\Local\ASP.NET\DataProtection-Keys' as key repository and Windows DPAPI to encrypt keys at rest.
2026-05-18 20:54:40.457 +02:00 [INF] Now listening on: http://localhost:5150
2026-05-18 20:54:40.460 +02:00 [INF] Application started. Press Ctrl+C to shut down.
2026-05-18 20:54:40.461 +02:00 [INF] Hosting environment: Development
2026-05-18 20:54:40.462 +02:00 [INF] Content root path: C:\BAC 2-3\App info 2\ProjetAppInfo2\AnimeCollection
2026-05-18 20:54:42.447 +02:00 [INF] Request starting HTTP/1.1 GET http://localhost:5150/ - null null
2026-05-18 20:54:42.512 +02:00 [INF] CookieAuth was not authenticated. Failure message: Unprotect ticket failed
2026-05-18 20:54:42.517 +02:00 [INF] Executing endpoint '/Index'
2026-05-18 20:54:42.560 +02:00 [INF] Route matched with {page = "/Index"}. Executing page /Index
2026-05-18 20:54:42.571 +02:00 [INF] Executing handler method AnimeCollection.Pages.IndexModel.OnGet - ModelState is "Valid"
2026-05-18 20:54:42.576 +02:00 [INF] Executed handler method OnGet, returned result .
2026-05-18 20:54:42.582 +02:00 [INF] Executing an implicit handler method - ModelState is "Valid"
2026-05-18 20:54:42.583 +02:00 [INF] Executed an implicit handler method, returned result Microsoft.AspNetCore.Mvc.RazorPages.PageResult.
2026-05-18 20:54:42.680 +02:00 [INF] Executed page /Index in 115.0097ms
2026-05-18 20:54:42.684 +02:00 [INF] Executed endpoint '/Index'
2026-05-18 20:54:42.691 +02:00 [INF] Request finished HTTP/1.1 GET http://localhost:5150/ - 200 null text/html; charset=utf-8 251.1971ms
2026-05-18 20:54:42.717 +02:00 [INF] Request starting HTTP/1.1 GET http://localhost:5150/lib/jquery/dist/jquery.min.js - null null
2026-05-18 20:54:42.717 +02:00 [INF] Request starting HTTP/1.1 GET http://localhost:5150/lib/bootstrap/dist/js/bootstrap.bundle.min.js - null null
2026-05-18 20:54:42.717 +02:00 [INF] Request starting HTTP/1.1 GET http://localhost:5150/lib/bootstrap/dist/css/bootstrap.min.css - null null
2026-05-18 20:54:42.717 +02:00 [INF] Request starting HTTP/1.1 GET http://localhost:5150/AnimeCollection.styles.css?v=UjIRZ2E2kf3I0Fy-14dzQaMkAGN9sLLYVV9uE_5kntU - null null
2026-05-18 20:54:42.717 +02:00 [INF] Request starting HTTP/1.1 GET http://localhost:5150/css/site.css?v=j6fhJSuuyLpOSLuPJU0TsDV0iNjor5S3rDnvxJrt4bg - null null
2026-05-18 20:54:42.720 +02:00 [INF] Request starting HTTP/1.1 GET http://localhost:5150/js/site.js?v=hRQyftXiu1lLX2P9Ly9xa4gHJgLeR1uGN5qegUobtGo - null null
2026-05-18 20:54:42.734 +02:00 [INF] The file /AnimeCollection.styles.css was not modified
2026-05-18 20:54:42.734 +02:00 [INF] The file /lib/bootstrap/dist/js/bootstrap.bundle.min.js was not modified
2026-05-18 20:54:42.734 +02:00 [INF] The file /lib/jquery/dist/jquery.min.js was not modified
2026-05-18 20:54:42.734 +02:00 [INF] The file /lib/bootstrap/dist/css/bootstrap.min.css was not modified
2026-05-18 20:54:42.736 +02:00 [INF] The file /css/site.css was not modified
2026-05-18 20:54:42.739 +02:00 [INF] The file /js/site.js was not modified
2026-05-18 20:54:42.758 +02:00 [INF] Request finished HTTP/1.1 GET http://localhost:5150/js/site.js?v=hRQyftXiu1lLX2P9Ly9xa4gHJgLeR1uGN5qegUobtGo - 304 null text/javascript 37.436ms
2026-05-18 20:54:42.741 +02:00 [INF] Request finished HTTP/1.1 GET http://localhost:5150/AnimeCollection.styles.css?v=UjIRZ2E2kf3I0Fy-14dzQaMkAGN9sLLYVV9uE_5kntU - 304 null text/css 23.2441ms
2026-05-18 20:54:42.742 +02:00 [INF] Request finished HTTP/1.1 GET http://localhost:5150/lib/jquery/dist/jquery.min.js - 304 null text/javascript 26.2391ms
2026-05-18 20:54:42.746 +02:00 [INF] Request finished HTTP/1.1 GET http://localhost:5150/lib/bootstrap/dist/css/bootstrap.min.css - 304 null text/css 28.2968ms
2026-05-18 20:54:42.747 +02:00 [INF] Request finished HTTP/1.1 GET http://localhost:5150/css/site.css?v=j6fhJSuuyLpOSLuPJU0TsDV0iNjor5S3rDnvxJrt4bg - 304 null text/css 29.3235ms
2026-05-18 20:54:42.741 +02:00 [INF] Request finished HTTP/1.1 GET http://localhost:5150/lib/bootstrap/dist/js/bootstrap.bundle.min.js - 304 null text/javascript 24.0635ms
2026-05-18 20:54:47.130 +02:00 [INF] Request starting HTTP/1.1 GET http://localhost:5150/Personnages - null null
2026-05-18 20:54:47.136 +02:00 [INF] CookieAuth was not authenticated. Failure message: Unprotect ticket failed
2026-05-18 20:54:47.140 +02:00 [INF] Executing endpoint '/Personnages/Index'
2026-05-18 20:54:47.160 +02:00 [INF] Route matched with {page = "/Personnages/Index"}. Executing page /Personnages/Index
2026-05-18 20:54:47.546 +02:00 [INF] Executing handler method AnimeCollection.Pages.Personnages.IndexModel.OnGet - ModelState is "Valid"
2026-05-18 20:54:47.637 +02:00 [INF] Executed page /Personnages/Index in 475.6169ms
2026-05-18 20:54:47.640 +02:00 [INF] Executed endpoint '/Personnages/Index'
2026-05-18 20:54:47.642 +02:00 [ERR] An unhandled exception has occurred while executing the request.
Npgsql.PostgresException (0x80004005): 42P01: la relation « personnages » n'existe pas

POSITION: 120
   at Npgsql.Internal.NpgsqlConnector.ReadMessageLong(Boolean async, DataRowLoadingMode dataRowLoadingMode, Boolean readingNotifications, Boolean isReadingPrependedMessage)
   at System.Runtime.CompilerServices.PoolingAsyncValueTaskMethodBuilder`1.StateMachineBox`1.System.Threading.Tasks.Sources.IValueTaskSource<TResult>.GetResult(Int16 token)
   at Npgsql.NpgsqlDataReader.NextResult(Boolean async, Boolean isConsuming, CancellationToken cancellationToken)
   at Npgsql.NpgsqlDataReader.NextResult(Boolean async, Boolean isConsuming, CancellationToken cancellationToken)
   at Npgsql.NpgsqlDataReader.NextResult()
   at Npgsql.NpgsqlCommand.ExecuteReader(Boolean async, CommandBehavior behavior, CancellationToken cancellationToken)
   at Npgsql.NpgsqlCommand.ExecuteReader(Boolean async, CommandBehavior behavior, CancellationToken cancellationToken)
   at Npgsql.NpgsqlCommand.ExecuteReader(CommandBehavior behavior)
   at AnimeCollection.Services.PersonnageService.GetAll(String search) in C:\BAC 2-3\App info 2\ProjetAppInfo2\AnimeCollection\Services\PersonnageService.cs:line 42
   at AnimeCollection.Pages.Personnages.IndexModel.OnGet() in C:\BAC 2-3\App info 2\ProjetAppInfo2\AnimeCollection\Pages\Personnages\index.cshtml.cs:line 24
   at Microsoft.AspNetCore.Mvc.RazorPages.Infrastructure.ExecutorFactory.VoidHandlerMethod.Execute(Object receiver, Object[] arguments)
   at Microsoft.AspNetCore.Mvc.RazorPages.Infrastructure.PageActionInvoker.InvokeHandlerMethodAsync()
   at Microsoft.AspNetCore.Mvc.RazorPages.Infrastructure.PageActionInvoker.InvokeNextPageFilterAsync()
   at Microsoft.AspNetCore.Mvc.RazorPages.Infrastructure.PageActionInvoker.Rethrow(PageHandlerExecutedContext context)
   at Microsoft.AspNetCore.Mvc.RazorPages.Infrastructure.PageActionInvoker.Next(State& next, Scope& scope, Object& state, Boolean& isCompleted)
   at Microsoft.AspNetCore.Mvc.RazorPages.Infrastructure.PageActionInvoker.InvokeInnerFilterAsync()
   at Microsoft.AspNetCore.Mvc.Infrastructure.ResourceInvoker.<InvokeNextResourceFilter>g__Awaited|25_0(ResourceInvoker invoker, Task lastTask, State next, Scope scope, Object state, Boolean isCompleted)
   at Microsoft.AspNetCore.Mvc.Infrastructure.ResourceInvoker.Rethrow(ResourceExecutedContextSealed context)
   at Microsoft.AspNetCore.Mvc.Infrastructure.ResourceInvoker.Next(State& next, Scope& scope, Object& state, Boolean& isCompleted)
   at Microsoft.AspNetCore.Mvc.Infrastructure.ResourceInvoker.InvokeFilterPipelineAsync()
--- End of stack trace from previous location ---
   at Microsoft.AspNetCore.Mvc.Infrastructure.ResourceInvoker.<InvokeAsync>g__Logged|17_1(ResourceInvoker invoker)
   at Microsoft.AspNetCore.Mvc.Infrastructure.ResourceInvoker.<InvokeAsync>g__Logged|17_1(ResourceInvoker invoker)
   at Microsoft.AspNetCore.Routing.EndpointMiddleware.<Invoke>g__AwaitRequestTask|7_0(Endpoint endpoint, Task requestTask, ILogger logger)
   at Microsoft.AspNetCore.Authorization.AuthorizationMiddleware.Invoke(HttpContext context)
   at Microsoft.AspNetCore.Authentication.AuthenticationMiddleware.Invoke(HttpContext context)
   at Microsoft.AspNetCore.Diagnostics.StatusCodePagesMiddleware.Invoke(HttpContext context)
   at Microsoft.AspNetCore.Diagnostics.DeveloperExceptionPageMiddlewareImpl.Invoke(HttpContext context)
  Exception data:
    Severity: ERREUR
    SqlState: 42P01
    MessageText: la relation « personnages » n'existe pas
    Position: 120
    File: parse_relation.c
    Line: 1469
    Routine: parserOpenTable
2026-05-18 20:54:47.821 +02:00 [INF] Request finished HTTP/1.1 GET http://localhost:5150/Personnages - 500 null text/html; charset=utf-8 690.1275ms
2026-05-18 20:59:00.244 +02:00 [INF] User profile is available. Using 'C:\Users\fallo\AppData\Local\ASP.NET\DataProtection-Keys' as key repository and Windows DPAPI to encrypt keys at rest.
2026-05-18 20:59:00.383 +02:00 [INF] Now listening on: http://localhost:5150
2026-05-18 20:59:00.386 +02:00 [INF] Application started. Press Ctrl+C to shut down.
2026-05-18 20:59:00.387 +02:00 [INF] Hosting environment: Development
2026-05-18 20:59:00.388 +02:00 [INF] Content root path: C:\BAC 2-3\App info 2\ProjetAppInfo2\AnimeCollection
2026-05-18 20:59:01.796 +02:00 [INF] Request starting HTTP/1.1 GET http://localhost:5150/ - null null
2026-05-18 20:59:01.849 +02:00 [INF] CookieAuth was not authenticated. Failure message: Unprotect ticket failed
2026-05-18 20:59:01.860 +02:00 [INF] Executing endpoint '/Index'
2026-05-18 20:59:01.898 +02:00 [INF] Route matched with {page = "/Index"}. Executing page /Index
2026-05-18 20:59:01.906 +02:00 [INF] Executing handler method AnimeCollection.Pages.IndexModel.OnGet - ModelState is "Valid"
2026-05-18 20:59:01.910 +02:00 [INF] Executed handler method OnGet, returned result .
2026-05-18 20:59:01.916 +02:00 [INF] Executing an implicit handler method - ModelState is "Valid"
2026-05-18 20:59:01.918 +02:00 [INF] Executed an implicit handler method, returned result Microsoft.AspNetCore.Mvc.RazorPages.PageResult.
2026-05-18 20:59:02.008 +02:00 [INF] Executed page /Index in 104.9126ms
2026-05-18 20:59:02.020 +02:00 [INF] Executed endpoint '/Index'
2026-05-18 20:59:02.024 +02:00 [INF] Request finished HTTP/1.1 GET http://localhost:5150/ - 200 null text/html; charset=utf-8 232.4174ms
2026-05-18 20:59:02.046 +02:00 [INF] Request starting HTTP/1.1 GET http://localhost:5150/css/site.css?v=j6fhJSuuyLpOSLuPJU0TsDV0iNjor5S3rDnvxJrt4bg - null null
2026-05-18 20:59:02.046 +02:00 [INF] Request starting HTTP/1.1 GET http://localhost:5150/lib/bootstrap/dist/css/bootstrap.min.css - null null
2026-05-18 20:59:02.049 +02:00 [INF] Request starting HTTP/1.1 GET http://localhost:5150/lib/jquery/dist/jquery.min.js - null null
2026-05-18 20:59:02.049 +02:00 [INF] Request starting HTTP/1.1 GET http://localhost:5150/AnimeCollection.styles.css?v=UjIRZ2E2kf3I0Fy-14dzQaMkAGN9sLLYVV9uE_5kntU - null null
2026-05-18 20:59:02.050 +02:00 [INF] Request starting HTTP/1.1 GET http://localhost:5150/lib/bootstrap/dist/js/bootstrap.bundle.min.js - null null
2026-05-18 20:59:02.051 +02:00 [INF] Request starting HTTP/1.1 GET http://localhost:5150/js/site.js?v=hRQyftXiu1lLX2P9Ly9xa4gHJgLeR1uGN5qegUobtGo - null null
2026-05-18 20:59:02.062 +02:00 [INF] The file /lib/jquery/dist/jquery.min.js was not modified
2026-05-18 20:59:02.062 +02:00 [INF] The file /lib/bootstrap/dist/css/bootstrap.min.css was not modified
2026-05-18 20:59:02.062 +02:00 [INF] The file /css/site.css was not modified
2026-05-18 20:59:02.064 +02:00 [INF] The file /AnimeCollection.styles.css was not modified
2026-05-18 20:59:02.066 +02:00 [INF] The file /lib/bootstrap/dist/js/bootstrap.bundle.min.js was not modified
2026-05-18 20:59:02.067 +02:00 [INF] The file /js/site.js was not modified
2026-05-18 20:59:02.069 +02:00 [INF] Request finished HTTP/1.1 GET http://localhost:5150/lib/bootstrap/dist/css/bootstrap.min.css - 304 null text/css 23.5185ms
2026-05-18 20:59:02.069 +02:00 [INF] Request finished HTTP/1.1 GET http://localhost:5150/lib/jquery/dist/jquery.min.js - 304 null text/javascript 20.323ms
2026-05-18 20:59:02.069 +02:00 [INF] Request finished HTTP/1.1 GET http://localhost:5150/css/site.css?v=j6fhJSuuyLpOSLuPJU0TsDV0iNjor5S3rDnvxJrt4bg - 304 null text/css 23.844ms
2026-05-18 20:59:02.070 +02:00 [INF] Request finished HTTP/1.1 GET http://localhost:5150/AnimeCollection.styles.css?v=UjIRZ2E2kf3I0Fy-14dzQaMkAGN9sLLYVV9uE_5kntU - 304 null text/css 21.4982ms
2026-05-18 20:59:02.073 +02:00 [INF] Request finished HTTP/1.1 GET http://localhost:5150/lib/bootstrap/dist/js/bootstrap.bundle.min.js - 304 null text/javascript 22.7562ms
2026-05-18 20:59:02.074 +02:00 [INF] Request finished HTTP/1.1 GET http://localhost:5150/js/site.js?v=hRQyftXiu1lLX2P9Ly9xa4gHJgLeR1uGN5qegUobtGo - 304 null text/javascript 22.465ms
2026-05-18 20:59:08.241 +02:00 [INF] Request starting HTTP/1.1 GET http://localhost:5150/Personnages - null null
2026-05-18 20:59:08.250 +02:00 [INF] CookieAuth was not authenticated. Failure message: Unprotect ticket failed
2026-05-18 20:59:08.252 +02:00 [INF] Executing endpoint '/Personnages/Index'
2026-05-18 20:59:08.274 +02:00 [INF] Route matched with {page = "/Personnages/Index"}. Executing page /Personnages/Index
2026-05-18 20:59:08.589 +02:00 [INF] Executing handler method AnimeCollection.Pages.Personnages.IndexModel.OnGet - ModelState is "Valid"
2026-05-18 20:59:08.637 +02:00 [INF] Executed page /Personnages/Index in 360.9362ms
2026-05-18 20:59:08.640 +02:00 [INF] Executed endpoint '/Personnages/Index'
2026-05-18 20:59:08.645 +02:00 [ERR] An unhandled exception has occurred while executing the request.
Npgsql.PostgresException (0x80004005): 42P01: la relation « Personnages » n'existe pas

POSITION: 120
   at Npgsql.Internal.NpgsqlConnector.ReadMessageLong(Boolean async, DataRowLoadingMode dataRowLoadingMode, Boolean readingNotifications, Boolean isReadingPrependedMessage)
   at System.Runtime.CompilerServices.PoolingAsyncValueTaskMethodBuilder`1.StateMachineBox`1.System.Threading.Tasks.Sources.IValueTaskSource<TResult>.GetResult(Int16 token)
   at Npgsql.NpgsqlDataReader.NextResult(Boolean async, Boolean isConsuming, CancellationToken cancellationToken)
   at Npgsql.NpgsqlDataReader.NextResult(Boolean async, Boolean isConsuming, CancellationToken cancellationToken)
   at Npgsql.NpgsqlDataReader.NextResult()
   at Npgsql.NpgsqlCommand.ExecuteReader(Boolean async, CommandBehavior behavior, CancellationToken cancellationToken)
   at Npgsql.NpgsqlCommand.ExecuteReader(Boolean async, CommandBehavior behavior, CancellationToken cancellationToken)
   at Npgsql.NpgsqlCommand.ExecuteReader(CommandBehavior behavior)
   at AnimeCollection.Services.PersonnageService.GetAll(String search) in C:\BAC 2-3\App info 2\ProjetAppInfo2\AnimeCollection\Services\PersonnageService.cs:line 42
   at AnimeCollection.Pages.Personnages.IndexModel.OnGet() in C:\BAC 2-3\App info 2\ProjetAppInfo2\AnimeCollection\Pages\Personnages\index.cshtml.cs:line 24
   at Microsoft.AspNetCore.Mvc.RazorPages.Infrastructure.ExecutorFactory.VoidHandlerMethod.Execute(Object receiver, Object[] arguments)
   at Microsoft.AspNetCore.Mvc.RazorPages.Infrastructure.PageActionInvoker.InvokeHandlerMethodAsync()
   at Microsoft.AspNetCore.Mvc.RazorPages.Infrastructure.PageActionInvoker.InvokeNextPageFilterAsync()
   at Microsoft.AspNetCore.Mvc.RazorPages.Infrastructure.PageActionInvoker.Rethrow(PageHandlerExecutedContext context)
   at Microsoft.AspNetCore.Mvc.RazorPages.Infrastructure.PageActionInvoker.Next(State& next, Scope& scope, Object& state, Boolean& isCompleted)
   at Microsoft.AspNetCore.Mvc.RazorPages.Infrastructure.PageActionInvoker.InvokeInnerFilterAsync()
   at Microsoft.AspNetCore.Mvc.Infrastructure.ResourceInvoker.<InvokeNextResourceFilter>g__Awaited|25_0(ResourceInvoker invoker, Task lastTask, State next, Scope scope, Object state, Boolean isCompleted)
   at Microsoft.AspNetCore.Mvc.Infrastructure.ResourceInvoker.Rethrow(ResourceExecutedContextSealed context)
   at Microsoft.AspNetCore.Mvc.Infrastructure.ResourceInvoker.Next(State& next, Scope& scope, Object& state, Boolean& isCompleted)
   at Microsoft.AspNetCore.Mvc.Infrastructure.ResourceInvoker.InvokeFilterPipelineAsync()
--- End of stack trace from previous location ---
   at Microsoft.AspNetCore.Mvc.Infrastructure.ResourceInvoker.<InvokeAsync>g__Logged|17_1(ResourceInvoker invoker)
   at Microsoft.AspNetCore.Mvc.Infrastructure.ResourceInvoker.<InvokeAsync>g__Logged|17_1(ResourceInvoker invoker)
   at Microsoft.AspNetCore.Routing.EndpointMiddleware.<Invoke>g__AwaitRequestTask|7_0(Endpoint endpoint, Task requestTask, ILogger logger)
   at Microsoft.AspNetCore.Authorization.AuthorizationMiddleware.Invoke(HttpContext context)
   at Microsoft.AspNetCore.Authentication.AuthenticationMiddleware.Invoke(HttpContext context)
   at Microsoft.AspNetCore.Diagnostics.StatusCodePagesMiddleware.Invoke(HttpContext context)
   at Microsoft.AspNetCore.Diagnostics.DeveloperExceptionPageMiddlewareImpl.Invoke(HttpContext context)
  Exception data:
    Severity: ERREUR
    SqlState: 42P01
    MessageText: la relation « Personnages » n'existe pas
    Position: 120
    File: parse_relation.c
    Line: 1469
    Routine: parserOpenTable
2026-05-18 20:59:08.737 +02:00 [INF] Request finished HTTP/1.1 GET http://localhost:5150/Personnages - 500 null text/html; charset=utf-8 496.2049ms
2026-05-18 20:59:15.535 +02:00 [INF] Request starting HTTP/1.1 GET http://localhost:5150/personnages - null null
2026-05-18 20:59:15.544 +02:00 [INF] CookieAuth was not authenticated. Failure message: Unprotect ticket failed
2026-05-18 20:59:15.546 +02:00 [INF] Executing endpoint '/Personnages/Index'
2026-05-18 20:59:15.548 +02:00 [INF] Route matched with {page = "/Personnages/Index"}. Executing page /Personnages/Index
2026-05-18 20:59:15.551 +02:00 [INF] Executing handler method AnimeCollection.Pages.Personnages.IndexModel.OnGet - ModelState is "Valid"
2026-05-18 20:59:15.555 +02:00 [INF] Executed page /Personnages/Index in 4.9861ms
2026-05-18 20:59:15.557 +02:00 [INF] Executed endpoint '/Personnages/Index'
2026-05-18 20:59:15.559 +02:00 [ERR] An unhandled exception has occurred while executing the request.
Npgsql.PostgresException (0x80004005): 42P01: la relation « Personnages » n'existe pas

POSITION: 120
   at Npgsql.Internal.NpgsqlConnector.ReadMessageLong(Boolean async, DataRowLoadingMode dataRowLoadingMode, Boolean readingNotifications, Boolean isReadingPrependedMessage)
   at System.Runtime.CompilerServices.PoolingAsyncValueTaskMethodBuilder`1.StateMachineBox`1.System.Threading.Tasks.Sources.IValueTaskSource<TResult>.GetResult(Int16 token)
   at Npgsql.NpgsqlDataReader.NextResult(Boolean async, Boolean isConsuming, CancellationToken cancellationToken)
   at Npgsql.NpgsqlDataReader.NextResult(Boolean async, Boolean isConsuming, CancellationToken cancellationToken)
   at Npgsql.NpgsqlDataReader.NextResult()
   at Npgsql.NpgsqlCommand.ExecuteReader(Boolean async, CommandBehavior behavior, CancellationToken cancellationToken)
   at Npgsql.NpgsqlCommand.ExecuteReader(Boolean async, CommandBehavior behavior, CancellationToken cancellationToken)
   at Npgsql.NpgsqlCommand.ExecuteReader(CommandBehavior behavior)
   at AnimeCollection.Services.PersonnageService.GetAll(String search) in C:\BAC 2-3\App info 2\ProjetAppInfo2\AnimeCollection\Services\PersonnageService.cs:line 42
   at AnimeCollection.Pages.Personnages.IndexModel.OnGet() in C:\BAC 2-3\App info 2\ProjetAppInfo2\AnimeCollection\Pages\Personnages\index.cshtml.cs:line 24
   at Microsoft.AspNetCore.Mvc.RazorPages.Infrastructure.ExecutorFactory.VoidHandlerMethod.Execute(Object receiver, Object[] arguments)
   at Microsoft.AspNetCore.Mvc.RazorPages.Infrastructure.PageActionInvoker.InvokeHandlerMethodAsync()
   at Microsoft.AspNetCore.Mvc.RazorPages.Infrastructure.PageActionInvoker.InvokeNextPageFilterAsync()
   at Microsoft.AspNetCore.Mvc.RazorPages.Infrastructure.PageActionInvoker.Rethrow(PageHandlerExecutedContext context)
   at Microsoft.AspNetCore.Mvc.RazorPages.Infrastructure.PageActionInvoker.Next(State& next, Scope& scope, Object& state, Boolean& isCompleted)
   at Microsoft.AspNetCore.Mvc.RazorPages.Infrastructure.PageActionInvoker.InvokeInnerFilterAsync()
   at Microsoft.AspNetCore.Mvc.Infrastructure.ResourceInvoker.<InvokeNextResourceFilter>g__Awaited|25_0(ResourceInvoker invoker, Task lastTask, State next, Scope scope, Object state, Boolean isCompleted)
   at Microsoft.AspNetCore.Mvc.Infrastructure.ResourceInvoker.Rethrow(ResourceExecutedContextSealed context)
   at Microsoft.AspNetCore.Mvc.Infrastructure.ResourceInvoker.Next(State& next, Scope& scope, Object& state, Boolean& isCompleted)
   at Microsoft.AspNetCore.Mvc.Infrastructure.ResourceInvoker.InvokeFilterPipelineAsync()
--- End of stack trace from previous location ---
   at Microsoft.AspNetCore.Mvc.Infrastructure.ResourceInvoker.<InvokeAsync>g__Logged|17_1(ResourceInvoker invoker)
   at Microsoft.AspNetCore.Mvc.Infrastructure.ResourceInvoker.<InvokeAsync>g__Logged|17_1(ResourceInvoker invoker)
   at Microsoft.AspNetCore.Routing.EndpointMiddleware.<Invoke>g__AwaitRequestTask|7_0(Endpoint endpoint, Task requestTask, ILogger logger)
   at Microsoft.AspNetCore.Authorization.AuthorizationMiddleware.Invoke(HttpContext context)
   at Microsoft.AspNetCore.Authentication.AuthenticationMiddleware.Invoke(HttpContext context)
   at Microsoft.AspNetCore.Diagnostics.StatusCodePagesMiddleware.Invoke(HttpContext context)
   at Microsoft.AspNetCore.Diagnostics.DeveloperExceptionPageMiddlewareImpl.Invoke(HttpContext context)
  Exception data:
    Severity: ERREUR
    SqlState: 42P01
    MessageText: la relation « Personnages » n'existe pas
    Position: 120
    File: parse_relation.c
    Line: 1469
    Routine: parserOpenTable
2026-05-18 20:59:15.578 +02:00 [INF] Request finished HTTP/1.1 GET http://localhost:5150/personnages - 500 null text/html; charset=utf-8 43.046ms
2026-05-18 21:13:15.263 +02:00 [INF] User profile is available. Using 'C:\Users\fallo\AppData\Local\ASP.NET\DataProtection-Keys' as key repository and Windows DPAPI to encrypt keys at rest.
2026-05-18 21:13:15.435 +02:00 [INF] Now listening on: http://localhost:5150
2026-05-18 21:13:15.437 +02:00 [INF] Application started. Press Ctrl+C to shut down.
2026-05-18 21:13:15.438 +02:00 [INF] Hosting environment: Development
2026-05-18 21:13:15.439 +02:00 [INF] Content root path: C:\BAC 2-3\App info 2\ProjetAppInfo2\AnimeCollection
2026-05-18 21:13:19.144 +02:00 [INF] Request starting HTTP/1.1 GET http://localhost:5150/ - null null
2026-05-18 21:13:19.210 +02:00 [INF] CookieAuth was not authenticated. Failure message: Unprotect ticket failed
2026-05-18 21:13:19.221 +02:00 [INF] Executing endpoint '/Index'
2026-05-18 21:13:19.285 +02:00 [INF] Route matched with {page = "/Index"}. Executing page /Index
2026-05-18 21:13:19.295 +02:00 [INF] Executing handler method AnimeCollection.Pages.IndexModel.OnGet - ModelState is "Valid"
2026-05-18 21:13:19.299 +02:00 [INF] Executed handler method OnGet, returned result .
2026-05-18 21:13:19.313 +02:00 [INF] Executing an implicit handler method - ModelState is "Valid"
2026-05-18 21:13:19.315 +02:00 [INF] Executed an implicit handler method, returned result Microsoft.AspNetCore.Mvc.RazorPages.PageResult.
2026-05-18 21:13:19.442 +02:00 [INF] Executed page /Index in 151.1548ms
2026-05-18 21:13:19.448 +02:00 [INF] Executed endpoint '/Index'
2026-05-18 21:13:19.454 +02:00 [INF] Request finished HTTP/1.1 GET http://localhost:5150/ - 200 null text/html; charset=utf-8 313.6149ms
2026-05-18 21:13:19.487 +02:00 [INF] Request starting HTTP/1.1 GET http://localhost:5150/css/site.css?v=j6fhJSuuyLpOSLuPJU0TsDV0iNjor5S3rDnvxJrt4bg - null null
2026-05-18 21:13:19.487 +02:00 [INF] Request starting HTTP/1.1 GET http://localhost:5150/AnimeCollection.styles.css?v=UjIRZ2E2kf3I0Fy-14dzQaMkAGN9sLLYVV9uE_5kntU - null null
2026-05-18 21:13:19.487 +02:00 [INF] Request starting HTTP/1.1 GET http://localhost:5150/lib/bootstrap/dist/css/bootstrap.min.css - null null
2026-05-18 21:13:19.490 +02:00 [INF] Request starting HTTP/1.1 GET http://localhost:5150/js/site.js?v=hRQyftXiu1lLX2P9Ly9xa4gHJgLeR1uGN5qegUobtGo - null null
2026-05-18 21:13:19.493 +02:00 [INF] Request starting HTTP/1.1 GET http://localhost:5150/lib/bootstrap/dist/js/bootstrap.bundle.min.js - null null
2026-05-18 21:13:19.494 +02:00 [INF] Request starting HTTP/1.1 GET http://localhost:5150/lib/jquery/dist/jquery.min.js - null null
2026-05-18 21:13:19.505 +02:00 [INF] The file /lib/bootstrap/dist/css/bootstrap.min.css was not modified
2026-05-18 21:13:19.505 +02:00 [INF] The file /AnimeCollection.styles.css was not modified
2026-05-18 21:13:19.506 +02:00 [INF] The file /css/site.css was not modified
2026-05-18 21:13:19.509 +02:00 [INF] The file /js/site.js was not modified
2026-05-18 21:13:19.511 +02:00 [INF] The file /lib/bootstrap/dist/js/bootstrap.bundle.min.js was not modified
2026-05-18 21:13:19.514 +02:00 [INF] The file /lib/jquery/dist/jquery.min.js was not modified
2026-05-18 21:13:19.516 +02:00 [INF] Request finished HTTP/1.1 GET http://localhost:5150/AnimeCollection.styles.css?v=UjIRZ2E2kf3I0Fy-14dzQaMkAGN9sLLYVV9uE_5kntU - 304 null text/css 29.6257ms
2026-05-18 21:13:19.516 +02:00 [INF] Request finished HTTP/1.1 GET http://localhost:5150/lib/bootstrap/dist/css/bootstrap.min.css - 304 null text/css 29.8242ms
2026-05-18 21:13:19.563 +02:00 [INF] Request finished HTTP/1.1 GET http://localhost:5150/css/site.css?v=j6fhJSuuyLpOSLuPJU0TsDV0iNjor5S3rDnvxJrt4bg - 304 null text/css 76.419ms
2026-05-18 21:13:19.564 +02:00 [INF] Request finished HTTP/1.1 GET http://localhost:5150/js/site.js?v=hRQyftXiu1lLX2P9Ly9xa4gHJgLeR1uGN5qegUobtGo - 304 null text/javascript 73.7266ms
2026-05-18 21:13:19.688 +02:00 [INF] Request finished HTTP/1.1 GET http://localhost:5150/lib/bootstrap/dist/js/bootstrap.bundle.min.js - 304 null text/javascript 195.8611ms
2026-05-18 21:13:19.693 +02:00 [INF] Request finished HTTP/1.1 GET http://localhost:5150/lib/jquery/dist/jquery.min.js - 304 null text/javascript 198.986ms
2026-05-18 21:13:24.228 +02:00 [INF] Request starting HTTP/1.1 GET http://localhost:5150/personnages - null null
2026-05-18 21:13:24.319 +02:00 [INF] CookieAuth was not authenticated. Failure message: Unprotect ticket failed
2026-05-18 21:13:24.320 +02:00 [INF] Executing endpoint '/Personnages/Index'
2026-05-18 21:13:24.342 +02:00 [INF] Route matched with {page = "/Personnages/Index"}. Executing page /Personnages/Index
2026-05-18 21:13:24.692 +02:00 [INF] Executing handler method AnimeCollection.Pages.Personnages.IndexModel.OnGet - ModelState is "Valid"
2026-05-18 21:13:24.736 +02:00 [INF] Executed page /Personnages/Index in 392.8788ms
2026-05-18 21:13:24.739 +02:00 [INF] Executed endpoint '/Personnages/Index'
2026-05-18 21:13:24.743 +02:00 [ERR] An unhandled exception has occurred while executing the request.
Npgsql.PostgresException (0x80004005): 42P01: la relation « personnages » n'existe pas

POSITION: 120
   at Npgsql.Internal.NpgsqlConnector.ReadMessageLong(Boolean async, DataRowLoadingMode dataRowLoadingMode, Boolean readingNotifications, Boolean isReadingPrependedMessage)
   at System.Runtime.CompilerServices.PoolingAsyncValueTaskMethodBuilder`1.StateMachineBox`1.System.Threading.Tasks.Sources.IValueTaskSource<TResult>.GetResult(Int16 token)
   at Npgsql.NpgsqlDataReader.NextResult(Boolean async, Boolean isConsuming, CancellationToken cancellationToken)
   at Npgsql.NpgsqlDataReader.NextResult(Boolean async, Boolean isConsuming, CancellationToken cancellationToken)
   at Npgsql.NpgsqlDataReader.NextResult()
   at Npgsql.NpgsqlCommand.ExecuteReader(Boolean async, CommandBehavior behavior, CancellationToken cancellationToken)
   at Npgsql.NpgsqlCommand.ExecuteReader(Boolean async, CommandBehavior behavior, CancellationToken cancellationToken)
   at Npgsql.NpgsqlCommand.ExecuteReader(CommandBehavior behavior)
   at AnimeCollection.Services.PersonnageService.GetAll(String search) in C:\BAC 2-3\App info 2\ProjetAppInfo2\AnimeCollection\Services\PersonnageService.cs:line 43
   at AnimeCollection.Pages.Personnages.IndexModel.OnGet() in C:\BAC 2-3\App info 2\ProjetAppInfo2\AnimeCollection\Pages\Personnages\index.cshtml.cs:line 24
   at Microsoft.AspNetCore.Mvc.RazorPages.Infrastructure.ExecutorFactory.VoidHandlerMethod.Execute(Object receiver, Object[] arguments)
   at Microsoft.AspNetCore.Mvc.RazorPages.Infrastructure.PageActionInvoker.InvokeHandlerMethodAsync()
   at Microsoft.AspNetCore.Mvc.RazorPages.Infrastructure.PageActionInvoker.InvokeNextPageFilterAsync()
   at Microsoft.AspNetCore.Mvc.RazorPages.Infrastructure.PageActionInvoker.Rethrow(PageHandlerExecutedContext context)
   at Microsoft.AspNetCore.Mvc.RazorPages.Infrastructure.PageActionInvoker.Next(State& next, Scope& scope, Object& state, Boolean& isCompleted)
   at Microsoft.AspNetCore.Mvc.RazorPages.Infrastructure.PageActionInvoker.InvokeInnerFilterAsync()
   at Microsoft.AspNetCore.Mvc.Infrastructure.ResourceInvoker.<InvokeNextResourceFilter>g__Awaited|25_0(ResourceInvoker invoker, Task lastTask, State next, Scope scope, Object state, Boolean isCompleted)
   at Microsoft.AspNetCore.Mvc.Infrastructure.ResourceInvoker.Rethrow(ResourceExecutedContextSealed context)
   at Microsoft.AspNetCore.Mvc.Infrastructure.ResourceInvoker.Next(State& next, Scope& scope, Object& state, Boolean& isCompleted)
   at Microsoft.AspNetCore.Mvc.Infrastructure.ResourceInvoker.InvokeFilterPipelineAsync()
--- End of stack trace from previous location ---
   at Microsoft.AspNetCore.Mvc.Infrastructure.ResourceInvoker.<InvokeAsync>g__Logged|17_1(ResourceInvoker invoker)
   at Microsoft.AspNetCore.Mvc.Infrastructure.ResourceInvoker.<InvokeAsync>g__Logged|17_1(ResourceInvoker invoker)
   at Microsoft.AspNetCore.Routing.EndpointMiddleware.<Invoke>g__AwaitRequestTask|7_0(Endpoint endpoint, Task requestTask, ILogger logger)
   at Microsoft.AspNetCore.Authorization.AuthorizationMiddleware.Invoke(HttpContext context)
   at Microsoft.AspNetCore.Authentication.AuthenticationMiddleware.Invoke(HttpContext context)
   at Microsoft.AspNetCore.Diagnostics.StatusCodePagesMiddleware.Invoke(HttpContext context)
   at Microsoft.AspNetCore.Diagnostics.DeveloperExceptionPageMiddlewareImpl.Invoke(HttpContext context)
  Exception data:
    Severity: ERREUR
    SqlState: 42P01
    MessageText: la relation « personnages » n'existe pas
    Position: 120
    File: parse_relation.c
    Line: 1469
    Routine: parserOpenTable
2026-05-18 21:13:24.834 +02:00 [INF] Request finished HTTP/1.1 GET http://localhost:5150/personnages - 500 null text/html; charset=utf-8 606.69ms
2026-05-18 21:22:44.042 +02:00 [INF] User profile is available. Using 'C:\Users\fallo\AppData\Local\ASP.NET\DataProtection-Keys' as key repository and Windows DPAPI to encrypt keys at rest.
2026-05-18 21:22:44.217 +02:00 [INF] Now listening on: http://localhost:5150
2026-05-18 21:22:44.220 +02:00 [INF] Application started. Press Ctrl+C to shut down.
2026-05-18 21:22:44.221 +02:00 [INF] Hosting environment: Development
2026-05-18 21:22:44.222 +02:00 [INF] Content root path: C:\BAC 2-3\App info 2\ProjetAppInfo2\AnimeCollection
2026-05-18 21:22:45.339 +02:00 [INF] Request starting HTTP/1.1 GET http://localhost:5150/ - null null
2026-05-18 21:22:45.405 +02:00 [INF] CookieAuth was not authenticated. Failure message: Unprotect ticket failed
2026-05-18 21:22:45.411 +02:00 [INF] Executing endpoint '/Index'
2026-05-18 21:22:45.459 +02:00 [INF] Route matched with {page = "/Index"}. Executing page /Index
2026-05-18 21:22:45.474 +02:00 [INF] Executing handler method AnimeCollection.Pages.IndexModel.OnGet - ModelState is "Valid"
2026-05-18 21:22:45.478 +02:00 [INF] Executed handler method OnGet, returned result .
2026-05-18 21:22:45.484 +02:00 [INF] Executing an implicit handler method - ModelState is "Valid"
2026-05-18 21:22:45.493 +02:00 [INF] Executed an implicit handler method, returned result Microsoft.AspNetCore.Mvc.RazorPages.PageResult.
2026-05-18 21:22:45.642 +02:00 [INF] Executed page /Index in 177.5581ms
2026-05-18 21:22:45.697 +02:00 [INF] Request starting HTTP/1.1 GET http://localhost:5150/lib/bootstrap/dist/css/bootstrap.min.css - null null
2026-05-18 21:22:45.697 +02:00 [INF] Request starting HTTP/1.1 GET http://localhost:5150/css/site.css?v=j6fhJSuuyLpOSLuPJU0TsDV0iNjor5S3rDnvxJrt4bg - null null
2026-05-18 21:22:45.726 +02:00 [INF] Request starting HTTP/1.1 GET http://localhost:5150/lib/jquery/dist/jquery.min.js - null null
2026-05-18 21:22:45.726 +02:00 [INF] Request starting HTTP/1.1 GET http://localhost:5150/AnimeCollection.styles.css?v=UjIRZ2E2kf3I0Fy-14dzQaMkAGN9sLLYVV9uE_5kntU - null null
2026-05-18 21:22:45.728 +02:00 [INF] Request starting HTTP/1.1 GET http://localhost:5150/lib/bootstrap/dist/js/bootstrap.bundle.min.js - null null
2026-05-18 21:22:45.835 +02:00 [INF] The file /lib/bootstrap/dist/js/bootstrap.bundle.min.js was not modified
2026-05-18 21:22:45.744 +02:00 [INF] The file /css/site.css was not modified
2026-05-18 21:22:45.744 +02:00 [INF] The file /lib/bootstrap/dist/css/bootstrap.min.css was not modified
2026-05-18 21:22:45.764 +02:00 [INF] The file /lib/jquery/dist/jquery.min.js was not modified
2026-05-18 21:22:45.785 +02:00 [INF] The file /AnimeCollection.styles.css was not modified
2026-05-18 21:22:45.730 +02:00 [INF] Executed endpoint '/Index'
2026-05-18 21:22:45.887 +02:00 [INF] Request finished HTTP/1.1 GET http://localhost:5150/css/site.css?v=j6fhJSuuyLpOSLuPJU0TsDV0iNjor5S3rDnvxJrt4bg - 304 null text/css 193.7907ms
2026-05-18 21:22:45.887 +02:00 [INF] Request finished HTTP/1.1 GET http://localhost:5150/lib/bootstrap/dist/js/bootstrap.bundle.min.js - 304 null text/javascript 158.7988ms
2026-05-18 21:22:45.919 +02:00 [INF] Request finished HTTP/1.1 GET http://localhost:5150/lib/bootstrap/dist/css/bootstrap.min.css - 304 null text/css 226.6127ms
2026-05-18 21:22:45.929 +02:00 [INF] Request finished HTTP/1.1 GET http://localhost:5150/lib/jquery/dist/jquery.min.js - 304 null text/javascript 203.4064ms
2026-05-18 21:22:45.931 +02:00 [INF] Request finished HTTP/1.1 GET http://localhost:5150/AnimeCollection.styles.css?v=UjIRZ2E2kf3I0Fy-14dzQaMkAGN9sLLYVV9uE_5kntU - 304 null text/css 204.3943ms
2026-05-18 21:22:46.005 +02:00 [INF] Request finished HTTP/1.1 GET http://localhost:5150/ - 200 null text/html; charset=utf-8 671.0334ms
2026-05-18 21:22:46.098 +02:00 [INF] Request starting HTTP/1.1 GET http://localhost:5150/js/site.js?v=hRQyftXiu1lLX2P9Ly9xa4gHJgLeR1uGN5qegUobtGo - null null
2026-05-18 21:22:46.143 +02:00 [INF] The file /js/site.js was not modified
2026-05-18 21:22:46.145 +02:00 [INF] Request finished HTTP/1.1 GET http://localhost:5150/js/site.js?v=hRQyftXiu1lLX2P9Ly9xa4gHJgLeR1uGN5qegUobtGo - 304 null text/javascript 47.455ms
2026-05-18 21:22:49.311 +02:00 [INF] Request starting HTTP/1.1 GET http://localhost:5150/personnages - null null
2026-05-18 21:22:49.325 +02:00 [INF] CookieAuth was not authenticated. Failure message: Unprotect ticket failed
2026-05-18 21:22:49.326 +02:00 [INF] Executing endpoint '/Personnages/Index'
2026-05-18 21:22:49.347 +02:00 [INF] Route matched with {page = "/Personnages/Index"}. Executing page /Personnages/Index
2026-05-18 21:22:49.671 +02:00 [INF] Executing handler method AnimeCollection.Pages.Personnages.IndexModel.OnGet - ModelState is "Valid"
2026-05-18 21:22:49.705 +02:00 [INF] Executed page /Personnages/Index in 356.8549ms
2026-05-18 21:22:49.707 +02:00 [INF] Executed endpoint '/Personnages/Index'
2026-05-18 21:22:49.709 +02:00 [ERR] An unhandled exception has occurred while executing the request.
Npgsql.PostgresException (0x80004005): 42P08: n'a pas pu déterminer le type de données du paramètre $1

POSITION: 182
   at Npgsql.Internal.NpgsqlConnector.ReadMessageLong(Boolean async, DataRowLoadingMode dataRowLoadingMode, Boolean readingNotifications, Boolean isReadingPrependedMessage)
   at System.Runtime.CompilerServices.PoolingAsyncValueTaskMethodBuilder`1.StateMachineBox`1.System.Threading.Tasks.Sources.IValueTaskSource<TResult>.GetResult(Int16 token)
   at Npgsql.NpgsqlDataReader.NextResult(Boolean async, Boolean isConsuming, CancellationToken cancellationToken)
   at Npgsql.NpgsqlDataReader.NextResult(Boolean async, Boolean isConsuming, CancellationToken cancellationToken)
   at Npgsql.NpgsqlDataReader.NextResult()
   at Npgsql.NpgsqlCommand.ExecuteReader(Boolean async, CommandBehavior behavior, CancellationToken cancellationToken)
   at Npgsql.NpgsqlCommand.ExecuteReader(Boolean async, CommandBehavior behavior, CancellationToken cancellationToken)
   at Npgsql.NpgsqlCommand.ExecuteReader(CommandBehavior behavior)
   at AnimeCollection.Services.PersonnageService.GetAll(String search) in C:\BAC 2-3\App info 2\ProjetAppInfo2\AnimeCollection\Services\PersonnageService.cs:line 43
   at AnimeCollection.Pages.Personnages.IndexModel.OnGet() in C:\BAC 2-3\App info 2\ProjetAppInfo2\AnimeCollection\Pages\Personnages\index.cshtml.cs:line 24
   at Microsoft.AspNetCore.Mvc.RazorPages.Infrastructure.ExecutorFactory.VoidHandlerMethod.Execute(Object receiver, Object[] arguments)
   at Microsoft.AspNetCore.Mvc.RazorPages.Infrastructure.PageActionInvoker.InvokeHandlerMethodAsync()
   at Microsoft.AspNetCore.Mvc.RazorPages.Infrastructure.PageActionInvoker.InvokeNextPageFilterAsync()
   at Microsoft.AspNetCore.Mvc.RazorPages.Infrastructure.PageActionInvoker.Rethrow(PageHandlerExecutedContext context)
   at Microsoft.AspNetCore.Mvc.RazorPages.Infrastructure.PageActionInvoker.Next(State& next, Scope& scope, Object& state, Boolean& isCompleted)
   at Microsoft.AspNetCore.Mvc.RazorPages.Infrastructure.PageActionInvoker.InvokeInnerFilterAsync()
   at Microsoft.AspNetCore.Mvc.Infrastructure.ResourceInvoker.<InvokeNextResourceFilter>g__Awaited|25_0(ResourceInvoker invoker, Task lastTask, State next, Scope scope, Object state, Boolean isCompleted)
   at Microsoft.AspNetCore.Mvc.Infrastructure.ResourceInvoker.Rethrow(ResourceExecutedContextSealed context)
   at Microsoft.AspNetCore.Mvc.Infrastructure.ResourceInvoker.Next(State& next, Scope& scope, Object& state, Boolean& isCompleted)
   at Microsoft.AspNetCore.Mvc.Infrastructure.ResourceInvoker.InvokeFilterPipelineAsync()
--- End of stack trace from previous location ---
   at Microsoft.AspNetCore.Mvc.Infrastructure.ResourceInvoker.<InvokeAsync>g__Logged|17_1(ResourceInvoker invoker)
   at Microsoft.AspNetCore.Mvc.Infrastructure.ResourceInvoker.<InvokeAsync>g__Logged|17_1(ResourceInvoker invoker)
   at Microsoft.AspNetCore.Routing.EndpointMiddleware.<Invoke>g__AwaitRequestTask|7_0(Endpoint endpoint, Task requestTask, ILogger logger)
   at Microsoft.AspNetCore.Authorization.AuthorizationMiddleware.Invoke(HttpContext context)
   at Microsoft.AspNetCore.Authentication.AuthenticationMiddleware.Invoke(HttpContext context)
   at Microsoft.AspNetCore.Diagnostics.StatusCodePagesMiddleware.Invoke(HttpContext context)
   at Microsoft.AspNetCore.Diagnostics.DeveloperExceptionPageMiddlewareImpl.Invoke(HttpContext context)
  Exception data:
    Severity: ERREUR
    SqlState: 42P08
    MessageText: n'a pas pu déterminer le type de données du paramètre $1
    Position: 182
    File: parse_param.c
    Line: 312
    Routine: check_parameter_resolution_walker
2026-05-18 21:22:49.775 +02:00 [INF] Request finished HTTP/1.1 GET http://localhost:5150/personnages - 500 null text/html; charset=utf-8 463.4491ms
2026-05-18 21:22:49.787 +02:00 [INF] Request starting HTTP/1.1 GET http://localhost:5150/personnages - null null
2026-05-18 21:22:49.793 +02:00 [INF] CookieAuth was not authenticated. Failure message: Unprotect ticket failed
2026-05-18 21:22:49.795 +02:00 [INF] Executing endpoint '/Personnages/Index'
2026-05-18 21:22:49.796 +02:00 [INF] Route matched with {page = "/Personnages/Index"}. Executing page /Personnages/Index
2026-05-18 21:22:49.799 +02:00 [INF] Executing handler method AnimeCollection.Pages.Personnages.IndexModel.OnGet - ModelState is "Valid"
2026-05-18 21:22:49.804 +02:00 [INF] Executed page /Personnages/Index in 6.5628ms
2026-05-18 21:22:49.805 +02:00 [INF] Executed endpoint '/Personnages/Index'
2026-05-18 21:22:49.806 +02:00 [ERR] An unhandled exception has occurred while executing the request.
Npgsql.PostgresException (0x80004005): 42P08: n'a pas pu déterminer le type de données du paramètre $1

POSITION: 182
   at Npgsql.Internal.NpgsqlConnector.ReadMessageLong(Boolean async, DataRowLoadingMode dataRowLoadingMode, Boolean readingNotifications, Boolean isReadingPrependedMessage)
   at System.Runtime.CompilerServices.PoolingAsyncValueTaskMethodBuilder`1.StateMachineBox`1.System.Threading.Tasks.Sources.IValueTaskSource<TResult>.GetResult(Int16 token)
   at Npgsql.NpgsqlDataReader.NextResult(Boolean async, Boolean isConsuming, CancellationToken cancellationToken)
   at Npgsql.NpgsqlDataReader.NextResult(Boolean async, Boolean isConsuming, CancellationToken cancellationToken)
   at Npgsql.NpgsqlDataReader.NextResult()
   at Npgsql.NpgsqlCommand.ExecuteReader(Boolean async, CommandBehavior behavior, CancellationToken cancellationToken)
   at Npgsql.NpgsqlCommand.ExecuteReader(Boolean async, CommandBehavior behavior, CancellationToken cancellationToken)
   at Npgsql.NpgsqlCommand.ExecuteReader(CommandBehavior behavior)
   at AnimeCollection.Services.PersonnageService.GetAll(String search) in C:\BAC 2-3\App info 2\ProjetAppInfo2\AnimeCollection\Services\PersonnageService.cs:line 43
   at AnimeCollection.Pages.Personnages.IndexModel.OnGet() in C:\BAC 2-3\App info 2\ProjetAppInfo2\AnimeCollection\Pages\Personnages\index.cshtml.cs:line 24
   at Microsoft.AspNetCore.Mvc.RazorPages.Infrastructure.ExecutorFactory.VoidHandlerMethod.Execute(Object receiver, Object[] arguments)
   at Microsoft.AspNetCore.Mvc.RazorPages.Infrastructure.PageActionInvoker.InvokeHandlerMethodAsync()
   at Microsoft.AspNetCore.Mvc.RazorPages.Infrastructure.PageActionInvoker.InvokeNextPageFilterAsync()
   at Microsoft.AspNetCore.Mvc.RazorPages.Infrastructure.PageActionInvoker.Rethrow(PageHandlerExecutedContext context)
   at Microsoft.AspNetCore.Mvc.RazorPages.Infrastructure.PageActionInvoker.Next(State& next, Scope& scope, Object& state, Boolean& isCompleted)
   at Microsoft.AspNetCore.Mvc.RazorPages.Infrastructure.PageActionInvoker.InvokeInnerFilterAsync()
   at Microsoft.AspNetCore.Mvc.Infrastructure.ResourceInvoker.<InvokeNextResourceFilter>g__Awaited|25_0(ResourceInvoker invoker, Task lastTask, State next, Scope scope, Object state, Boolean isCompleted)
   at Microsoft.AspNetCore.Mvc.Infrastructure.ResourceInvoker.Rethrow(ResourceExecutedContextSealed context)
   at Microsoft.AspNetCore.Mvc.Infrastructure.ResourceInvoker.Next(State& next, Scope& scope, Object& state, Boolean& isCompleted)
   at Microsoft.AspNetCore.Mvc.Infrastructure.ResourceInvoker.InvokeFilterPipelineAsync()
--- End of stack trace from previous location ---
   at Microsoft.AspNetCore.Mvc.Infrastructure.ResourceInvoker.<InvokeAsync>g__Logged|17_1(ResourceInvoker invoker)
   at Microsoft.AspNetCore.Mvc.Infrastructure.ResourceInvoker.<InvokeAsync>g__Logged|17_1(ResourceInvoker invoker)
   at Microsoft.AspNetCore.Routing.EndpointMiddleware.<Invoke>g__AwaitRequestTask|7_0(Endpoint endpoint, Task requestTask, ILogger logger)
   at Microsoft.AspNetCore.Authorization.AuthorizationMiddleware.Invoke(HttpContext context)
   at Microsoft.AspNetCore.Authentication.AuthenticationMiddleware.Invoke(HttpContext context)
   at Microsoft.AspNetCore.Diagnostics.StatusCodePagesMiddleware.Invoke(HttpContext context)
   at Microsoft.AspNetCore.Diagnostics.DeveloperExceptionPageMiddlewareImpl.Invoke(HttpContext context)
  Exception data:
    Severity: ERREUR
    SqlState: 42P08
    MessageText: n'a pas pu déterminer le type de données du paramètre $1
    Position: 182
    File: parse_param.c
    Line: 312
    Routine: check_parameter_resolution_walker
2026-05-18 21:22:49.826 +02:00 [INF] Request finished HTTP/1.1 GET http://localhost:5150/personnages - 500 null text/html; charset=utf-8 38.6934ms
2026-05-18 21:25:30.266 +02:00 [INF] User profile is available. Using 'C:\Users\fallo\AppData\Local\ASP.NET\DataProtection-Keys' as key repository and Windows DPAPI to encrypt keys at rest.
2026-05-18 21:25:30.427 +02:00 [INF] Now listening on: http://localhost:5150
2026-05-18 21:25:30.430 +02:00 [INF] Application started. Press Ctrl+C to shut down.
2026-05-18 21:25:30.431 +02:00 [INF] Hosting environment: Development
2026-05-18 21:25:30.432 +02:00 [INF] Content root path: C:\BAC 2-3\App info 2\ProjetAppInfo2\AnimeCollection
2026-05-18 21:25:32.476 +02:00 [INF] Request starting HTTP/1.1 GET http://localhost:5150/ - null null
2026-05-18 21:25:32.533 +02:00 [INF] CookieAuth was not authenticated. Failure message: Unprotect ticket failed
2026-05-18 21:25:32.539 +02:00 [INF] Executing endpoint '/Index'
2026-05-18 21:25:32.589 +02:00 [INF] Route matched with {page = "/Index"}. Executing page /Index
2026-05-18 21:25:32.601 +02:00 [INF] Executing handler method AnimeCollection.Pages.IndexModel.OnGet - ModelState is "Valid"
2026-05-18 21:25:32.604 +02:00 [INF] Executed handler method OnGet, returned result .
2026-05-18 21:25:32.615 +02:00 [INF] Executing an implicit handler method - ModelState is "Valid"
2026-05-18 21:25:32.617 +02:00 [INF] Executed an implicit handler method, returned result Microsoft.AspNetCore.Mvc.RazorPages.PageResult.
2026-05-18 21:25:32.708 +02:00 [INF] Executed page /Index in 112.9958ms
2026-05-18 21:25:32.716 +02:00 [INF] Executed endpoint '/Index'
2026-05-18 21:25:32.723 +02:00 [INF] Request finished HTTP/1.1 GET http://localhost:5150/ - 200 null text/html; charset=utf-8 250.0856ms
2026-05-18 21:25:35.863 +02:00 [INF] Request starting HTTP/1.1 GET http://localhost:5150/personnages - null null
2026-05-18 21:25:35.870 +02:00 [INF] CookieAuth was not authenticated. Failure message: Unprotect ticket failed
2026-05-18 21:25:35.871 +02:00 [INF] Executing endpoint '/Personnages/Index'
2026-05-18 21:25:35.889 +02:00 [INF] Route matched with {page = "/Personnages/Index"}. Executing page /Personnages/Index
2026-05-18 21:25:36.164 +02:00 [INF] Executing handler method AnimeCollection.Pages.Personnages.IndexModel.OnGet - ModelState is "Valid"
2026-05-18 21:25:36.191 +02:00 [INF] Executed handler method OnGet, returned result .
2026-05-18 21:25:36.194 +02:00 [INF] Executing an implicit handler method - ModelState is "Valid"
2026-05-18 21:25:36.195 +02:00 [INF] Executed an implicit handler method, returned result Microsoft.AspNetCore.Mvc.RazorPages.PageResult.
2026-05-18 21:25:36.216 +02:00 [INF] Executed page /Personnages/Index in 324.6756ms
2026-05-18 21:25:36.217 +02:00 [INF] Executed endpoint '/Personnages/Index'
2026-05-18 21:25:36.222 +02:00 [INF] Request finished HTTP/1.1 GET http://localhost:5150/personnages - 200 null text/html; charset=utf-8 360.6321ms
2026-05-18 21:34:37.663 +02:00 [INF] User profile is available. Using 'C:\Users\fallo\AppData\Local\ASP.NET\DataProtection-Keys' as key repository and Windows DPAPI to encrypt keys at rest.
2026-05-18 21:34:37.844 +02:00 [INF] Now listening on: http://localhost:5150
2026-05-18 21:34:37.846 +02:00 [INF] Application started. Press Ctrl+C to shut down.
2026-05-18 21:34:37.847 +02:00 [INF] Hosting environment: Development
2026-05-18 21:34:37.848 +02:00 [INF] Content root path: C:\BAC 2-3\App info 2\ProjetAppInfo2\AnimeCollection
2026-05-18 21:34:39.211 +02:00 [INF] Request starting HTTP/1.1 GET http://localhost:5150/ - null null
2026-05-18 21:34:39.275 +02:00 [INF] CookieAuth was not authenticated. Failure message: Unprotect ticket failed
2026-05-18 21:34:39.286 +02:00 [INF] Executing endpoint '/Index'
2026-05-18 21:34:39.332 +02:00 [INF] Route matched with {page = "/Index"}. Executing page /Index
2026-05-18 21:34:39.341 +02:00 [INF] Executing handler method AnimeCollection.Pages.IndexModel.OnGet - ModelState is "Valid"
2026-05-18 21:34:39.345 +02:00 [INF] Executed handler method OnGet, returned result .
2026-05-18 21:34:39.350 +02:00 [INF] Executing an implicit handler method - ModelState is "Valid"
2026-05-18 21:34:39.351 +02:00 [INF] Executed an implicit handler method, returned result Microsoft.AspNetCore.Mvc.RazorPages.PageResult.
2026-05-18 21:34:39.454 +02:00 [INF] Executed page /Index in 118.8261ms
2026-05-18 21:34:39.470 +02:00 [INF] Executed endpoint '/Index'
2026-05-18 21:34:39.478 +02:00 [INF] Request finished HTTP/1.1 GET http://localhost:5150/ - 200 null text/html; charset=utf-8 271.177ms
2026-05-18 21:34:39.493 +02:00 [INF] Request starting HTTP/1.1 GET http://localhost:5150/lib/jquery/dist/jquery.min.js - null null
2026-05-18 21:34:39.493 +02:00 [INF] Request starting HTTP/1.1 GET http://localhost:5150/lib/bootstrap/dist/css/bootstrap.min.css - null null
2026-05-18 21:34:39.493 +02:00 [INF] Request starting HTTP/1.1 GET http://localhost:5150/css/site.css?v=j6fhJSuuyLpOSLuPJU0TsDV0iNjor5S3rDnvxJrt4bg - null null
2026-05-18 21:34:39.494 +02:00 [INF] Request starting HTTP/1.1 GET http://localhost:5150/js/site.js?v=hRQyftXiu1lLX2P9Ly9xa4gHJgLeR1uGN5qegUobtGo - null null
2026-05-18 21:34:39.494 +02:00 [INF] Request starting HTTP/1.1 GET http://localhost:5150/lib/bootstrap/dist/js/bootstrap.bundle.min.js - null null
2026-05-18 21:34:39.495 +02:00 [INF] Request starting HTTP/1.1 GET http://localhost:5150/AnimeCollection.styles.css?v=UjIRZ2E2kf3I0Fy-14dzQaMkAGN9sLLYVV9uE_5kntU - null null
2026-05-18 21:34:39.506 +02:00 [INF] The file /lib/bootstrap/dist/css/bootstrap.min.css was not modified
2026-05-18 21:34:39.506 +02:00 [INF] The file /css/site.css was not modified
2026-05-18 21:34:39.506 +02:00 [INF] The file /lib/jquery/dist/jquery.min.js was not modified
2026-05-18 21:34:39.506 +02:00 [INF] The file /js/site.js was not modified
2026-05-18 21:34:39.507 +02:00 [INF] The file /lib/bootstrap/dist/js/bootstrap.bundle.min.js was not modified
2026-05-18 21:34:39.511 +02:00 [INF] The file /AnimeCollection.styles.css was not modified
2026-05-18 21:34:39.512 +02:00 [INF] Request finished HTTP/1.1 GET http://localhost:5150/lib/bootstrap/dist/css/bootstrap.min.css - 304 null text/css 19.757ms
2026-05-18 21:34:39.512 +02:00 [INF] Request finished HTTP/1.1 GET http://localhost:5150/css/site.css?v=j6fhJSuuyLpOSLuPJU0TsDV0iNjor5S3rDnvxJrt4bg - 304 null text/css 20.8873ms
2026-05-18 21:34:39.514 +02:00 [INF] Request finished HTTP/1.1 GET http://localhost:5150/lib/jquery/dist/jquery.min.js - 304 null text/javascript 21.8068ms
2026-05-18 21:34:39.515 +02:00 [INF] Request finished HTTP/1.1 GET http://localhost:5150/js/site.js?v=hRQyftXiu1lLX2P9Ly9xa4gHJgLeR1uGN5qegUobtGo - 304 null text/javascript 20.6652ms
2026-05-18 21:34:39.516 +02:00 [INF] Request finished HTTP/1.1 GET http://localhost:5150/lib/bootstrap/dist/js/bootstrap.bundle.min.js - 304 null text/javascript 21.4652ms
2026-05-18 21:34:39.517 +02:00 [INF] Request finished HTTP/1.1 GET http://localhost:5150/AnimeCollection.styles.css?v=UjIRZ2E2kf3I0Fy-14dzQaMkAGN9sLLYVV9uE_5kntU - 304 null text/css 21.9192ms
2026-05-18 21:34:44.235 +02:00 [INF] Request starting HTTP/1.1 GET http://localhost:5150/personnages - null null
2026-05-18 21:34:44.242 +02:00 [INF] CookieAuth was not authenticated. Failure message: Unprotect ticket failed
2026-05-18 21:34:44.243 +02:00 [INF] Executing endpoint '/Personnages/Index'
2026-05-18 21:34:44.265 +02:00 [INF] Route matched with {page = "/Personnages/Index"}. Executing page /Personnages/Index
2026-05-18 21:34:44.532 +02:00 [INF] Executing handler method AnimeCollection.Pages.Personnages.IndexModel.OnGet - ModelState is "Valid"
2026-05-18 21:34:44.559 +02:00 [INF] Executed handler method OnGet, returned result .
2026-05-18 21:34:44.560 +02:00 [INF] Executing an implicit handler method - ModelState is "Valid"
2026-05-18 21:34:44.562 +02:00 [INF] Executed an implicit handler method, returned result Microsoft.AspNetCore.Mvc.RazorPages.PageResult.
2026-05-18 21:34:44.584 +02:00 [INF] Executed page /Personnages/Index in 317.5909ms
2026-05-18 21:34:44.586 +02:00 [INF] Executed endpoint '/Personnages/Index'
2026-05-18 21:34:44.594 +02:00 [INF] Request finished HTTP/1.1 GET http://localhost:5150/personnages - 200 null text/html; charset=utf-8 358.9789ms
2026-05-18 21:34:45.737 +02:00 [INF] Request starting HTTP/1.1 GET http://localhost:5150/personnages/create - null null
2026-05-18 21:34:45.746 +02:00 [INF] CookieAuth was not authenticated. Failure message: Unprotect ticket failed
2026-05-18 21:34:45.748 +02:00 [INF] Executing endpoint '/Personnages/Create'
2026-05-18 21:34:45.766 +02:00 [INF] Route matched with {page = "/Personnages/Create"}. Executing page /Personnages/Create
2026-05-18 21:34:45.770 +02:00 [INF] Executing handler method AnimeCollection.Pages.Personnages.CreateModel.OnGet - ModelState is "Valid"
2026-05-18 21:34:45.820 +02:00 [INF] Executed handler method OnGet, returned result .
2026-05-18 21:34:45.823 +02:00 [INF] Executing an implicit handler method - ModelState is "Valid"
2026-05-18 21:34:45.825 +02:00 [INF] Executed an implicit handler method, returned result Microsoft.AspNetCore.Mvc.RazorPages.PageResult.
2026-05-18 21:34:45.882 +02:00 [INF] Executed page /Personnages/Create in 114.3146ms
2026-05-18 21:34:45.885 +02:00 [INF] Executed endpoint '/Personnages/Create'
2026-05-18 21:34:45.887 +02:00 [INF] Request finished HTTP/1.1 GET http://localhost:5150/personnages/create - 200 null text/html; charset=utf-8 149.2486ms
2026-05-18 21:35:11.530 +02:00 [INF] Request starting HTTP/1.1 POST http://localhost:5150/personnages/create - application/x-www-form-urlencoded 311
2026-05-18 21:35:11.535 +02:00 [INF] CookieAuth was not authenticated. Failure message: Unprotect ticket failed
2026-05-18 21:35:11.536 +02:00 [INF] Executing endpoint '/Personnages/Create'
2026-05-18 21:35:11.538 +02:00 [INF] Route matched with {page = "/Personnages/Create"}. Executing page /Personnages/Create
2026-05-18 21:35:11.567 +02:00 [INF] Executing handler method AnimeCollection.Pages.Personnages.CreateModel.OnPost - ModelState is "Valid"
2026-05-18 21:35:11.581 +02:00 [INF] Executed handler method OnPost, returned result Microsoft.AspNetCore.Mvc.RedirectToPageResult.
2026-05-18 21:35:11.583 +02:00 [INF] Executing RedirectToPageResult, redirecting to Index.
2026-05-18 21:35:11.586 +02:00 [INF] Executed page /Personnages/Create in 45.9546ms
2026-05-18 21:35:11.588 +02:00 [INF] Executed endpoint '/Personnages/Create'
2026-05-18 21:35:11.590 +02:00 [INF] Request finished HTTP/1.1 POST http://localhost:5150/personnages/create - 302 0 null 60.4602ms
2026-05-18 21:35:11.599 +02:00 [INF] Request starting HTTP/1.1 GET http://localhost:5150/Personnages - null null
2026-05-18 21:35:11.602 +02:00 [INF] CookieAuth was not authenticated. Failure message: Unprotect ticket failed
2026-05-18 21:35:11.604 +02:00 [INF] Executing endpoint '/Personnages/Index'
2026-05-18 21:35:11.606 +02:00 [INF] Route matched with {page = "/Personnages/Index"}. Executing page /Personnages/Index
2026-05-18 21:35:11.609 +02:00 [INF] Executing handler method AnimeCollection.Pages.Personnages.IndexModel.OnGet - ModelState is "Valid"
2026-05-18 21:35:11.613 +02:00 [INF] Executed handler method OnGet, returned result .
2026-05-18 21:35:11.615 +02:00 [INF] Executing an implicit handler method - ModelState is "Valid"
2026-05-18 21:35:11.616 +02:00 [INF] Executed an implicit handler method, returned result Microsoft.AspNetCore.Mvc.RazorPages.PageResult.
2026-05-18 21:35:11.622 +02:00 [INF] Executed page /Personnages/Index in 14.2132ms
2026-05-18 21:35:11.625 +02:00 [INF] Executed endpoint '/Personnages/Index'
2026-05-18 21:35:11.626 +02:00 [INF] Request finished HTTP/1.1 GET http://localhost:5150/Personnages - 200 null text/html; charset=utf-8 27.3507ms
2026-05-18 21:35:16.651 +02:00 [INF] Request starting HTTP/1.1 GET http://localhost:5150/Personnages - null null
2026-05-18 21:35:16.655 +02:00 [INF] CookieAuth was not authenticated. Failure message: Unprotect ticket failed
2026-05-18 21:35:16.657 +02:00 [INF] Executing endpoint '/Personnages/Index'
2026-05-18 21:35:16.658 +02:00 [INF] Route matched with {page = "/Personnages/Index"}. Executing page /Personnages/Index
2026-05-18 21:35:16.660 +02:00 [INF] Executing handler method AnimeCollection.Pages.Personnages.IndexModel.OnGet - ModelState is "Valid"
2026-05-18 21:35:16.663 +02:00 [INF] Executed handler method OnGet, returned result .
2026-05-18 21:35:16.666 +02:00 [INF] Executing an implicit handler method - ModelState is "Valid"
2026-05-18 21:35:16.667 +02:00 [INF] Executed an implicit handler method, returned result Microsoft.AspNetCore.Mvc.RazorPages.PageResult.
2026-05-18 21:35:16.671 +02:00 [INF] Executed page /Personnages/Index in 11.7661ms
2026-05-18 21:35:16.673 +02:00 [INF] Executed endpoint '/Personnages/Index'
2026-05-18 21:35:16.674 +02:00 [INF] Request finished HTTP/1.1 GET http://localhost:5150/Personnages - 200 null text/html; charset=utf-8 23.4539ms
2026-05-18 21:35:18.010 +02:00 [INF] Request starting HTTP/1.1 GET http://localhost:5150/Personnages - null null
2026-05-18 21:35:18.014 +02:00 [INF] CookieAuth was not authenticated. Failure message: Unprotect ticket failed
2026-05-18 21:35:18.016 +02:00 [INF] Executing endpoint '/Personnages/Index'
2026-05-18 21:35:18.018 +02:00 [INF] Route matched with {page = "/Personnages/Index"}. Executing page /Personnages/Index
2026-05-18 21:35:18.020 +02:00 [INF] Executing handler method AnimeCollection.Pages.Personnages.IndexModel.OnGet - ModelState is "Valid"
2026-05-18 21:35:18.023 +02:00 [INF] Executed handler method OnGet, returned result .
2026-05-18 21:35:18.025 +02:00 [INF] Executing an implicit handler method - ModelState is "Valid"
2026-05-18 21:35:18.026 +02:00 [INF] Executed an implicit handler method, returned result Microsoft.AspNetCore.Mvc.RazorPages.PageResult.
2026-05-18 21:35:18.029 +02:00 [INF] Executed page /Personnages/Index in 8.7998ms
2026-05-18 21:35:18.031 +02:00 [INF] Executed endpoint '/Personnages/Index'
2026-05-18 21:35:18.033 +02:00 [INF] Request finished HTTP/1.1 GET http://localhost:5150/Personnages - 200 null text/html; charset=utf-8 23.0475ms
2026-05-18 21:35:19.058 +02:00 [INF] Request starting HTTP/1.1 GET http://localhost:5150/Personnages - null null
2026-05-18 21:35:19.062 +02:00 [INF] CookieAuth was not authenticated. Failure message: Unprotect ticket failed
2026-05-18 21:35:19.064 +02:00 [INF] Executing endpoint '/Personnages/Index'
2026-05-18 21:35:19.065 +02:00 [INF] Route matched with {page = "/Personnages/Index"}. Executing page /Personnages/Index
2026-05-18 21:35:19.068 +02:00 [INF] Executing handler method AnimeCollection.Pages.Personnages.IndexModel.OnGet - ModelState is "Valid"
2026-05-18 21:35:19.070 +02:00 [INF] Executed handler method OnGet, returned result .
2026-05-18 21:35:19.072 +02:00 [INF] Executing an implicit handler method - ModelState is "Valid"
2026-05-18 21:35:19.073 +02:00 [INF] Executed an implicit handler method, returned result Microsoft.AspNetCore.Mvc.RazorPages.PageResult.
2026-05-18 21:35:19.075 +02:00 [INF] Executed page /Personnages/Index in 8.2436ms
2026-05-18 21:35:19.078 +02:00 [INF] Executed endpoint '/Personnages/Index'
2026-05-18 21:35:19.079 +02:00 [INF] Request finished HTTP/1.1 GET http://localhost:5150/Personnages - 200 null text/html; charset=utf-8 20.6301ms
2026-05-18 21:35:19.931 +02:00 [INF] Request starting HTTP/1.1 GET http://localhost:5150/Personnages - null null
2026-05-18 21:35:19.936 +02:00 [INF] CookieAuth was not authenticated. Failure message: Unprotect ticket failed
2026-05-18 21:35:19.937 +02:00 [INF] Executing endpoint '/Personnages/Index'
2026-05-18 21:35:19.939 +02:00 [INF] Route matched with {page = "/Personnages/Index"}. Executing page /Personnages/Index
2026-05-18 21:35:19.941 +02:00 [INF] Executing handler method AnimeCollection.Pages.Personnages.IndexModel.OnGet - ModelState is "Valid"
2026-05-18 21:35:19.944 +02:00 [INF] Executed handler method OnGet, returned result .
2026-05-18 21:35:19.946 +02:00 [INF] Executing an implicit handler method - ModelState is "Valid"
2026-05-18 21:35:19.948 +02:00 [INF] Executed an implicit handler method, returned result Microsoft.AspNetCore.Mvc.RazorPages.PageResult.
2026-05-18 21:35:19.950 +02:00 [INF] Executed page /Personnages/Index in 10.0286ms
2026-05-18 21:35:19.952 +02:00 [INF] Executed endpoint '/Personnages/Index'
2026-05-18 21:35:19.953 +02:00 [INF] Request finished HTTP/1.1 GET http://localhost:5150/Personnages - 200 null text/html; charset=utf-8 21.8756ms
